/Library/Developer/CommandLineTools/usr/bin/make -C ./build_lib
Generating dependency file RFLU_WriteVersionString.d from ../rocflu/RFLU_WriteVersionString.F90
Generating dependency file RFLU_WriteStatsFileOLES.d from ../rocflu/RFLU_WriteStatsFileOLES.F90
Generating dependency file RFLU_WriteInteg.d from ../rocflu/RFLU_WriteInteg.F90
Generating dependency file RFLU_WritePM.d from ../rocflu/RFLU_WritePM.F90
Generating dependency file RFLU_WriteIntegrals1245OLES.d from ../rocflu/RFLU_WriteIntegrals1245OLES.F90
Generating dependency file RFLU_UpdateBoundaryValues.d from ../rocflu/RFLU_UpdateBoundaryValues.F90
Generating dependency file RFLU_USER_GetDeformation.d from ../rocflu/RFLU_USER_GetDeformation.F90
Generating dependency file RFLU_TimeStepViscous.d from ../rocflu/RFLU_TimeStepViscous.F90
Generating dependency file RFLU_TimeStepping.d from ../rocflu/RFLU_TimeStepping.F90
Generating dependency file RFLU_TimeStepInviscid.d from ../rocflu/RFLU_TimeStepInviscid.F90
Generating dependency file RFLU_TimeStepImpulse.d from ../rocflu/RFLU_TimeStepImpulse.F90
Generating dependency file RFLU_SetMoveGridOptions.d from ../rocflu/RFLU_SetMoveGridOptions.F90
Generating dependency file RFLU_ResidualNorm.d from ../rocflu/RFLU_ResidualNorm.F90
Generating dependency file RFLU_ReadIntegrals1245OLES.d from ../rocflu/RFLU_ReadIntegrals1245OLES.F90
Generating dependency file RFLU_PrintWriteConvergence.d from ../rocflu/RFLU_PrintWriteConvergence.F90
Generating dependency file RFLU_PrintHeader.d from ../rocflu/RFLU_PrintHeader.F90
Generating dependency file RFLU_PrintChangeInfo.d from ../rocflu/RFLU_PrintChangeInfo.F90
Generating dependency file RFLU_OpenTotalMassFile.d from ../rocflu/RFLU_OpenTotalMassFile.F90
Generating dependency file RFLU_OpenStatsFileOLES.d from ../rocflu/RFLU_OpenStatsFileOLES.F90
Generating dependency file RFLU_OpenIntegFile.d from ../rocflu/RFLU_OpenIntegFile.F90
Generating dependency file RFLU_OpenPMFile.d from ../rocflu/RFLU_OpenPMFile.F90
Generating dependency file RFLU_OpenConverFile.d from ../rocflu/RFLU_OpenConverFile.F90
Generating dependency file RFLU_MoveGridXyz.d from ../rocflu/RFLU_MoveGridXyz.F90
Generating dependency file RFLU_MoveGridWrapper.d from ../rocflu/RFLU_MoveGridWrapper.F90
Generating dependency file RFLU_MoveGridDisp.d from ../rocflu/RFLU_MoveGridDisp.F90
Generating dependency file RFLU_MinimumTimeStepImpulse.d from ../rocflu/RFLU_MinimumTimeStepImpulse.F90
Generating dependency file RFLU_MinimumTimeStep.d from ../rocflu/RFLU_MinimumTimeStep.F90
Generating dependency file RFLU_InvFlux_I.d from ../rocflu/RFLU_InvFlux_I.F90
Generating dependency file RFLU_InitFlowSolver.d from ../rocflu/RFLU_InitFlowSolver.F90
Generating dependency file RFLU_GetDeformationWrapper.d from ../rocflu/RFLU_GetDeformationWrapper.F90
Generating dependency file RFLU_FlowSolver.d from ../rocflu/RFLU_FlowSolver.F90
Generating dependency file RFLU_ExplicitMultiStage.d from ../rocflu/RFLU_ExplicitMultiStage.F90
Generating dependency file RFLU_EndFlowSolver.d from ../rocflu/RFLU_EndFlowSolver.F90
Generating dependency file RFLU_DeallocateMemoryWrapper.d from ../rocflu/RFLU_DeallocateMemoryWrapper.F90
Generating dependency file RFLU_DeallocateMemory.d from ../rocflu/RFLU_DeallocateMemory.F90
Generating dependency file RFLU_ConvFluxOLES.d from ../rocflu/RFLU_ConvFluxOLES.F90
Generating dependency file RFLU_ComputeWeightsOLES.d from ../rocflu/RFLU_ComputeWeightsOLES.F90
Generating dependency file RFLU_ComputeIntegralValues.d from ../rocflu/RFLU_ComputeIntegralValues.F90
Generating dependency file RFLU_ComputeIntegrals1245OLES.d from ../rocflu/RFLU_ComputeIntegrals1245OLES.F90
Generating dependency file RFLU_ComputeIntegral5OLES.d from ../rocflu/RFLU_ComputeIntegral5OLES.F90
Generating dependency file RFLU_ComputeIntegral4OLES.d from ../rocflu/RFLU_ComputeIntegral4OLES.F90
Generating dependency file RFLU_ComputeIntegral3OLES.d from ../rocflu/RFLU_ComputeIntegral3OLES.F90
Generating dependency file RFLU_ComputeIntegral2OLES.d from ../rocflu/RFLU_ComputeIntegral2OLES.F90
Generating dependency file RFLU_ComputeIntegral1OLES.d from ../rocflu/RFLU_ComputeIntegral1OLES.F90
Generating dependency file RFLU_ComputeGridSpeeds.d from ../rocflu/RFLU_ComputeGridSpeeds.F90
Generating dependency file RFLU_ComputeFluxInv.d from ../rocflu/RFLU_ComputeFluxInv.F90
Generating dependency file RFLU_ComputeEnerDissOLES.d from ../rocflu/RFLU_ComputeEnerDissOLES.F90
Generating dependency file RFLU_CheckGridSpeeds.d from ../rocflu/RFLU_CheckGridSpeeds.F90
Generating dependency file RFLU_CentralSecondPatch_GL.d from ../rocflu/RFLU_CentralSecondPatch_GL.F90
Generating dependency file RFLU_CentralSecondPatch.d from ../rocflu/RFLU_CentralSecondPatch.F90
Generating dependency file RFLU_CentralFirstPatch_GL.d from ../rocflu/RFLU_CentralFirstPatch_GL.F90
Generating dependency file RFLU_CentralFirstPatch.d from ../rocflu/RFLU_CentralFirstPatch.F90
Generating dependency file RFLU_AllocateMemoryWrapper.d from ../rocflu/RFLU_AllocateMemoryWrapper.F90
Generating dependency file RFLU_AllocateMemory.d from ../rocflu/RFLU_AllocateMemory.F90
Generating dependency file BuildVersionString.d from ../rocflu/BuildVersionString.F90
Generating dependency file RFLU_ZeroVirtualCellVars.d from ../libflu/RFLU_ZeroVirtualCellVars.F90
Generating dependency file RFLU_WriteRestartInfo.d from ../libflu/RFLU_WriteRestartInfo.F90
Generating dependency file RFLU_UserInput.d from ../libflu/RFLU_UserInput.F90
Generating dependency file RFLU_TestIsFirstRegion.d from ../libflu/RFLU_TestIsFirstRegion.F90
Generating dependency file RFLU_SetVarsWrapper.d from ../libflu/RFLU_SetVarsWrapper.F90
Generating dependency file RFLU_SetVarsDiscWrapper.d from ../libflu/RFLU_SetVarsDiscWrapper.F90
Generating dependency file RFLU_SetVarsContWrapper.d from ../libflu/RFLU_SetVarsContWrapper.F90
Generating dependency file RFLU_SetVars.d from ../libflu/RFLU_SetVars.F90
Generating dependency file RFLU_SetVarInfoWrapper.d from ../libflu/RFLU_SetVarInfoWrapper.F90
Generating dependency file RFLU_SetVarInfo.d from ../libflu/RFLU_SetVarInfo.F90
Generating dependency file RFLU_SetTransportVars.d from ../libflu/RFLU_SetTransportVars.F90
Generating dependency file RFLU_SetRestartTimeFlag.d from ../libflu/RFLU_SetRestartTimeFlag.F90
Generating dependency file RFLU_SetModuleType.d from ../libflu/RFLU_SetModuleType.F90
Generating dependency file RFLU_SetDerivedUserInput.d from ../libflu/RFLU_SetDerivedUserInput.F90
Generating dependency file RFLU_SetGasVars.d from ../libflu/RFLU_SetGasVars.F90
Generating dependency file RFLU_SetDependentVars.d from ../libflu/RFLU_SetDependentVars.F90
Generating dependency file RFLU_ScalarViscousFluxes.d from ../libflu/RFLU_ScalarViscousFluxes.F90
Generating dependency file RFLU_ScalarInitRhs.d from ../libflu/RFLU_ScalarInitRhs.F90
Generating dependency file RFLU_ScalarCheckPositivity.d from ../libflu/RFLU_ScalarCheckPositivity.F90
Generating dependency file RFLU_ScalarSecondPatch.d from ../libflu/RFLU_ScalarSecondPatch.F90
Generating dependency file RFLU_ScalarSecond.d from ../libflu/RFLU_ScalarSecond.F90
Generating dependency file RFLU_ScalarFirstPatch.d from ../libflu/RFLU_ScalarFirstPatch.F90
Generating dependency file RFLU_ScalarFirst.d from ../libflu/RFLU_ScalarFirst.F90
Generating dependency file RFLU_ReadTbcSection.d from ../libflu/RFLU_ReadTbcSection.F90
Generating dependency file RFLU_ReadTbcInputFile.d from ../libflu/RFLU_ReadTbcInputFile.F90
Generating dependency file RFLU_ReadRestartInfo.d from ../libflu/RFLU_ReadRestartInfo.F90
Generating dependency file RFLU_RandomInit.d from ../libflu/RFLU_RandomInit.F90
Generating dependency file RFLU_PrintWarnInfo.d from ../libflu/RFLU_PrintWarnInfo.F90
Generating dependency file RFLU_PrintUserInput.d from ../libflu/RFLU_PrintUserInput.F90
Generating dependency file RFLU_PrintLocInfo.d from ../libflu/RFLU_PrintLocInfo.F90
Generating dependency file RFLU_PrintGridInfo.d from ../libflu/RFLU_PrintGridInfo.F90
Generating dependency file RFLU_PrintFlowInfoWrapper.d from ../libflu/RFLU_PrintFlowInfoWrapper.F90
Generating dependency file RFLU_PrintFlowInfo.d from ../libflu/RFLU_PrintFlowInfo.F90
Generating dependency file RFLU_OpenRestartInfo.d from ../libflu/RFLU_OpenRestartInfo.F90
Generating dependency file RFLU_OpenPostInfo.d from ../libflu/RFLU_OpenPostInfo.F90
Generating dependency file RFLU_InvertMatrixSVD.d from ../libflu/RFLU_InvertMatrixSVD.F90
Generating dependency file RFLU_InitInputValues.d from ../libflu/RFLU_InitInputValues.F90
Generating dependency file RFLU_InitGlobal.d from ../libflu/RFLU_InitGlobal.F90
Generating dependency file RFLU_InitAuxVars.d from ../libflu/RFLU_InitAuxVars.F90
Generating dependency file RFLU_GetUserInput.d from ../libflu/RFLU_GetUserInput.F90
Generating dependency file RFLU_GetCvLoc.d from ../libflu/RFLU_GetCvLoc.F90
Generating dependency file RFLU_FinishSD.d from ../libflu/RFLU_FinishSD.F90
Generating dependency file RFLU_EquilibriumEulerian.d from ../libflu/RFLU_EquilibriumEulerian.F90
Generating dependency file RFLU_EnforceBoundsWrapper.d from ../libflu/RFLU_EnforceBoundsWrapper.F90
Generating dependency file RFLU_EnforceBounds.d from ../libflu/RFLU_EnforceBounds.F90
Generating dependency file RFLU_DestroyGrid.d from ../libflu/RFLU_DestroyGrid.F90
Generating dependency file RFLU_DerivedInputValues.d from ../libflu/RFLU_DerivedInputValues.F90
Generating dependency file RFLU_DecideSmallWrite.d from ../libflu/RFLU_DecideSmallWrite.F90
Generating dependency file RFLU_DecideWrite.d from ../libflu/RFLU_DecideWrite.F90
Generating dependency file RFLU_DecidePrint.d from ../libflu/RFLU_DecidePrint.F90
Generating dependency file RFLU_DecideNeedWeights.d from ../libflu/RFLU_DecideNeedWeights.F90
Generating dependency file RFLU_DecideNeedStencils.d from ../libflu/RFLU_DecideNeedStencils.F90
Generating dependency file RFLU_DecideNeedBGradFace.d from ../libflu/RFLU_DecideNeedBGradFace.F90
Generating dependency file RFLU_CreateRegions.d from ../libflu/RFLU_CreateRegions.F90
Generating dependency file RFLU_CreateGrid.d from ../libflu/RFLU_CreateGrid.F90
Generating dependency file RFLU_ComputeGridSpacingShktb.d from ../libflu/RFLU_ComputeGridSpacingShktb.F90
Generating dependency file RFLU_ComputeGridSpacingCyldet.d from ../libflu/RFLU_ComputeGridSpacingCyldet.F90
Generating dependency file RFLU_ComputeDCUHREInfo.d from ../libflu/RFLU_ComputeDCUHREInfo.F90
Generating dependency file RFLU_CloseRestartInfo.d from ../libflu/RFLU_CloseRestartInfo.F90
Generating dependency file RFLU_ClosePostInfo.d from ../libflu/RFLU_ClosePostInfo.F90
Generating dependency file RFLU_CheckValidityWrapper.d from ../libflu/RFLU_CheckValidityWrapper.F90
Generating dependency file RFLU_CheckValidity_GL.d from ../libflu/RFLU_CheckValidity_GL.F90
Generating dependency file RFLU_CheckValidity.d from ../libflu/RFLU_CheckValidity.F90
Generating dependency file RFLU_CheckUserInput.d from ../libflu/RFLU_CheckUserInput.F90
Generating dependency file RFLU_CheckPositivityWrapper.d from ../libflu/RFLU_CheckPositivityWrapper.F90
Generating dependency file RFLU_CheckPositivity_GL.d from ../libflu/RFLU_CheckPositivity_GL.F90
Generating dependency file RFLU_CheckPositivity.d from ../libflu/RFLU_CheckPositivity.F90
Generating dependency file RFLU_CheckDerivedUserInput.d from ../libflu/RFLU_CheckDerivedUserInput.F90
Generating dependency file RFLU_BuildDataStruct.d from ../libflu/RFLU_BuildDataStruct.F90
Generating dependency file RFLU_AllocateMemoryTbc.d from ../libflu/RFLU_AllocateMemoryTbc.F90
Generating dependency file ZeroResidualsMP.d from ../libfloflu/ZeroResidualsMP.F90
Generating dependency file ZeroDummyCellsMP.d from ../libfloflu/ZeroDummyCellsMP.F90
Generating dependency file WriteTotalMass.d from ../libfloflu/WriteTotalMass.F90
Generating dependency file WriteProbe.d from ../libfloflu/WriteProbe.F90
Generating dependency file WriteConvergence.d from ../libfloflu/WriteConvergence.F90
Generating dependency file ViscousFluxesMP.d from ../libfloflu/ViscousFluxesMP.F90
Generating dependency file ViscousFluxes.d from ../libfloflu/ViscousFluxes.F90
Generating dependency file UpdateTbcWhitenoise.d from ../libfloflu/UpdateTbcWhitenoise.F90
Generating dependency file UpdateTbcStochastic.d from ../libfloflu/UpdateTbcStochastic.F90
Generating dependency file UpdateTbcSinusoidal.d from ../libfloflu/UpdateTbcSinusoidal.F90
Generating dependency file UpdateTbcPiecewise.d from ../libfloflu/UpdateTbcPiecewise.F90
Generating dependency file UpdateTbc.d from ../libfloflu/UpdateTbc.F90
Generating dependency file UpdateDependentVarsMP.d from ../libfloflu/UpdateDependentVarsMP.F90
Generating dependency file SplitQuadFace.d from ../libfloflu/SplitQuadFace.F90
Generating dependency file SourceTermsMP.d from ../libfloflu/SourceTermsMP.F90
Generating dependency file SourceTermsMovingFrame.d from ../libfloflu/SourceTermsMovingFrame.F90
Generating dependency file SourceTerms.d from ../libfloflu/SourceTerms.F90
Generating dependency file ScaleRotateVector.d from ../libfloflu/ScaleRotateVector.F90
Generating dependency file ScaleGridSpeeds.d from ../libfloflu/ScaleGridSpeeds.F90
Generating dependency file RungeKuttaMP.d from ../libfloflu/RungeKuttaMP.F90
Generating dependency file RkUpdatePointScalar.d from ../libfloflu/RkUpdatePointScalar.F90
Generating dependency file RkUpdateMP.d from ../libfloflu/RkUpdateMP.F90
Generating dependency file RkUpdateGeneric.d from ../libfloflu/RkUpdateGeneric.F90
Generating dependency file RkInitSD.d from ../libfloflu/RkInitSD.F90
Generating dependency file RkInitPointScalar.d from ../libfloflu/RkInitPointScalar.F90
Generating dependency file RkInitMP.d from ../libfloflu/RkInitMP.F90
Generating dependency file RkInitGeneric.d from ../libfloflu/RkInitGeneric.F90
Generating dependency file ReflectVector.d from ../libfloflu/ReflectVector.F90
Generating dependency file ReflectPosition.d from ../libfloflu/ReflectPosition.F90
Generating dependency file ReadViscositySection.d from ../libfloflu/ReadViscositySection.F90
Generating dependency file ReadTransformSection.d from ../libfloflu/ReadTransformSection.F90
Generating dependency file ReadTimeZoomingSection.d from ../libfloflu/ReadTimeZoomingSection.F90
Generating dependency file ReadTimestepSection.d from ../libfloflu/ReadTimestepSection.F90
Generating dependency file ReadThrustSection.d from ../libfloflu/ReadThrustSection.F90
Generating dependency file ReadRocketSection.d from ../libfloflu/ReadRocketSection.F90
Generating dependency file ReadReferenceSection.d from ../libfloflu/ReadReferenceSection.F90
Generating dependency file ReadRandomSection.d from ../libfloflu/ReadRandomSection.F90
Generating dependency file ReadProbeSection.d from ../libfloflu/ReadProbeSection.F90
Generating dependency file ReadPrepSection.d from ../libfloflu/ReadPrepSection.F90
Generating dependency file ReadPostSection.d from ../libfloflu/ReadPostSection.F90
Generating dependency file ReadNumericsSection.d from ../libfloflu/ReadNumericsSection.F90
Generating dependency file ReadMultigridSection.d from ../libfloflu/ReadMultigridSection.F90
Generating dependency file ReadMvFrameSection.d from ../libfloflu/ReadMvFrameSection.F90
Generating dependency file ReadMixtureSection.d from ../libfloflu/ReadMixtureSection.F90
Generating dependency file ReadMiscSection.d from ../libfloflu/ReadMiscSection.F90
Generating dependency file ReadInputUtil.d from ../libfloflu/ReadInputUtil.F90
Generating dependency file ReadInputFile.d from ../libfloflu/ReadInputFile.F90
Generating dependency file ReadInitFlowSection.d from ../libfloflu/ReadInitFlowSection.F90
Generating dependency file ReadGridMotionSection.d from ../libfloflu/ReadGridMotionSection.F90
Generating dependency file ReadGFMSection.d from ../libfloflu/ReadGFMSection.F90
Generating dependency file ReadFormatsSection.d from ../libfloflu/ReadFormatsSection.F90
Generating dependency file ReadForcesSection.d from ../libfloflu/ReadForcesSection.F90
Generating dependency file ReadFlowSection.d from ../libfloflu/ReadFlowSection.F90
Generating dependency file ReadAccelerationSection.d from ../libfloflu/ReadAccelerationSection.F90
Generating dependency file ReadABCSection.d from ../libfloflu/ReadABCSection.F90
Generating dependency file PerfgasTransportVars.d from ../libfloflu/PerfgasTransportVars.F90
Generating dependency file PerfgasGasVars.d from ../libfloflu/PerfgasGasVars.F90
Generating dependency file PerfgasDependentVars.d from ../libfloflu/PerfgasDependentVars.F90
Generating dependency file MixtureProperties.d from ../libfloflu/MixtureProperties.F90
Generating dependency file MixtPerf_Vm.d from ../libfloflu/MixtPerf_Vm.F90
Generating dependency file MixtPerf_T.d from ../libfloflu/MixtPerf_T.F90
Generating dependency file MixtPerf_R.d from ../libfloflu/MixtPerf_R.F90
Generating dependency file MixtPerf_P.d from ../libfloflu/MixtPerf_P.F90
Generating dependency file MixtPerf_M.d from ../libfloflu/MixtPerf_M.F90
Generating dependency file MixtPerf_H.d from ../libfloflu/MixtPerf_H.F90
Generating dependency file MixtPerf_G.d from ../libfloflu/MixtPerf_G.F90
Generating dependency file MixtPerf_E.d from ../libfloflu/MixtPerf_E.F90
Generating dependency file MixtPerf_D.d from ../libfloflu/MixtPerf_D.F90
Generating dependency file MixtPerf_Cv.d from ../libfloflu/MixtPerf_Cv.F90
Generating dependency file MixtPerf_C.d from ../libfloflu/MixtPerf_C.F90
Generating dependency file MixtLiq_D.d from ../libfloflu/MixtLiq_D.F90
Generating dependency file MixtLiq_C.d from ../libfloflu/MixtLiq_C.F90
Generating dependency file MixtGasLiq_P.d from ../libfloflu/MixtGasLiq_P.F90
Generating dependency file MixtGasLiq_E.d from ../libfloflu/MixtGasLiq_E.F90
Generating dependency file MixtGasLiq_C.d from ../libfloflu/MixtGasLiq_C.F90
Generating dependency file MakeNumberedKeys.d from ../libfloflu/MakeNumberedKeys.F90
Generating dependency file IntegrateSourceTermsMP.d from ../libfloflu/IntegrateSourceTermsMP.F90
Generating dependency file FaceVector.d from ../libfloflu/FaceVector.F90
Generating dependency file FaceCentroid.d from ../libfloflu/FaceCentroid.F90
Generating dependency file DummyRungeKuttaMP.d from ../libfloflu/DummyRungeKuttaMP.F90
Generating dependency file DescaleGridSpeeds.d from ../libfloflu/DescaleGridSpeeds.F90
Generating dependency file ConvectiveFluxesMP.d from ../libfloflu/ConvectiveFluxesMP.F90
Generating dependency file ConvectiveFluxes.d from ../libfloflu/ConvectiveFluxes.F90
Generating dependency file ControlVolume.d from ../libfloflu/ControlVolume.F90
Generating dependency file CellGradientsMP.d from ../libfloflu/CellGradientsMP.F90
Generating dependency file CellCentroid.d from ../libfloflu/CellCentroid.F90
Generating dependency file BuildPatchIdentifier.d from ../libfloflu/BuildPatchIdentifier.F90
Generating dependency file BcondOutflowPerf_GL.d from ../libfloflu/BcondOutflowPerf_GL.F90
Generating dependency file BcondOutflowPerf.d from ../libfloflu/BcondOutflowPerf.F90
Generating dependency file BcondInjectionPerf.d from ../libfloflu/BcondInjectionPerf.F90
Generating dependency file BcondInflowPerf_GL.d from ../libfloflu/BcondInflowPerf_GL.F90
Generating dependency file BcondInflowPerf.d from ../libfloflu/BcondInflowPerf.F90
Generating dependency file BcondFarfieldPerf.d from ../libfloflu/BcondFarfieldPerf.F90
Generating dependency file AfterUpdateMP.d from ../libfloflu/AfterUpdateMP.F90
Generating dependency file RFLU_ModWENO.d from ../modflu/RFLU_ModWENO.F90
Generating dependency file RFLU_ModWeights.d from ../modflu/RFLU_ModWeights.F90
Generating dependency file RFLU_ModViscousFlux.d from ../modflu/RFLU_ModViscousFlux.F90
Generating dependency file RFLU_ModVertexLists.d from ../modflu/RFLU_ModVertexLists.F90
Generating dependency file RFLU_ModTopologyUtils.d from ../modflu/RFLU_ModTopologyUtils.F90
Generating dependency file RFLU_ModTimeZoom.d from ../modflu/RFLU_ModTimeZoom.F90
Generating dependency file RFLU_ModTime.d from ../modflu/RFLU_ModTime.F90
Generating dependency file RFLU_ModTETMESH.d from ../modflu/RFLU_ModTETMESH.F90
Generating dependency file RFLU_ModSymmetryPeriodic.d from ../modflu/RFLU_ModSymmetryPeriodic.F90
Generating dependency file RFLU_ModStencilsUtils.d from ../modflu/RFLU_ModStencilsUtils.F90
Generating dependency file RFLU_ModStencilsVert.d from ../modflu/RFLU_ModStencilsVert.F90
Generating dependency file RFLU_ModStencilsFaces.d from ../modflu/RFLU_ModStencilsFaces.F90
Generating dependency file RFLU_ModStencilsCells.d from ../modflu/RFLU_ModStencilsCells.F90
Generating dependency file RFLU_ModStencilsBFaces.d from ../modflu/RFLU_ModStencilsBFaces.F90
Generating dependency file RFLU_ModSplitTree.d from ../modflu/RFLU_ModSplitTree.F90
Generating dependency file RFLU_ModThrustSpecImpulse.d from ../modflu/RFLU_ModThrustSpecImpulse.F90
Generating dependency file RFLU_ModRoeFlux.d from ../modflu/RFLU_ModRoeFlux.F90
Generating dependency file RFLU_ModRindStates.d from ../modflu/RFLU_ModRindStates.F90
Generating dependency file RFLU_ModResidual.d from ../modflu/RFLU_ModResidual.F90
Generating dependency file RFLU_ModRepair3D.d from ../modflu/RFLU_ModRepair3D.F90
Generating dependency file RFLU_ModRenumberList.d from ../modflu/RFLU_ModRenumberList.F90
Generating dependency file RFLU_ModRenumberings.d from ../modflu/RFLU_ModRenumberings.F90
Generating dependency file RFLU_ModRegionMapping.d from ../modflu/RFLU_ModRegionMapping.F90
Generating dependency file RFLU_ModRelatedPatches.d from ../modflu/RFLU_ModRelatedPatches.F90
Generating dependency file RFLU_ModReadWriteGridSpeeds.d from ../modflu/RFLU_ModReadWriteGridSpeeds.F90
Generating dependency file RFLU_ModReadWriteGrid.d from ../modflu/RFLU_ModReadWriteGrid.F90
Generating dependency file RFLU_ModReadWriteFlow.d from ../modflu/RFLU_ModReadWriteFlow.F90
Generating dependency file RFLU_ModReadWriteBcDataFile.d from ../modflu/RFLU_ModReadWriteBcDataFile.F90
Generating dependency file RFLU_ModReadWriteAuxVars.d from ../modflu/RFLU_ModReadWriteAuxVars.F90
Generating dependency file RFLU_ModReadBcInputFile.d from ../modflu/RFLU_ModReadBcInputFile.F90
Generating dependency file RFLU_ModProbes.d from ../modflu/RFLU_ModProbes.F90
Generating dependency file RFLU_ModPlottingVars.d from ../modflu/RFLU_ModPlottingVars.F90
Generating dependency file RFLU_ModPatchUtils.d from ../modflu/RFLU_ModPatchUtils.F90
Generating dependency file RFLU_ModPatchCoeffs.d from ../modflu/RFLU_ModPatchCoeffs.F90
Generating dependency file RFLU_ModOLES.d from ../modflu/RFLU_ModOLES.F90
Generating dependency file RFLU_ModOctree.d from ../modflu/RFLU_ModOctree.F90
Generating dependency file RFLU_ModNSCBC.d from ../modflu/RFLU_ModNSCBC.F90
Generating dependency file RFLU_ModMPI.d from ../modflu/RFLU_ModMPI.F90
Generating dependency file RFLU_ModMovingFrame.d from ../modflu/RFLU_ModMovingFrame.F90
Generating dependency file RFLU_ModLimiters.d from ../modflu/RFLU_ModLimiters.F90
Generating dependency file RFLU_ModJWL.d from ../modflu/RFLU_ModJWL.F90
Generating dependency file RFLU_ModInterpolation.d from ../modflu/RFLU_ModInterpolation.F90
Generating dependency file RFLU_ModInterfacesUtilities.d from ../modflu/RFLU_ModInterfacesUtilities.F90
Generating dependency file RFLU_ModInterfacesSolver.d from ../modflu/RFLU_ModInterfacesSolver.F90
Generating dependency file RFLU_ModInterfacesLibrary.d from ../modflu/RFLU_ModInterfacesLibrary.F90
Generating dependency file RFLU_ModInterfacesCommon.d from ../modflu/RFLU_ModInterfacesCommon.F90
Generating dependency file RFLU_ModInCellTest.d from ../modflu/RFLU_ModInCellTest.F90
Generating dependency file RFLU_ModHypre.d from ../modflu/RFLU_ModHypre.F90
Generating dependency file RFLU_ModHouMahesh.d from ../modflu/RFLU_ModHouMahesh.F90
Generating dependency file RFLU_ModHLLCFlux.d from ../modflu/RFLU_ModHLLCFlux.F90
Generating dependency file RFLU_ModHashTable.d from ../modflu/RFLU_ModHashTable.F90
Generating dependency file RFLU_ModGridUtils.d from ../modflu/RFLU_ModGridUtils.F90
Generating dependency file RFLU_ModGridSpeedUtils.d from ../modflu/RFLU_ModGridSpeedUtils.F90
Generating dependency file RFLU_ModGrid.d from ../modflu/RFLU_ModGrid.F90
Generating dependency file RFLU_ModGlobalIds.d from ../modflu/RFLU_ModGlobalIds.F90
Generating dependency file RFLU_ModGFM.d from ../modflu/RFLU_ModGFM.F90
Generating dependency file RFLU_ModGeometryTools.d from ../modflu/RFLU_ModGeometryTools.F90
Generating dependency file RFLU_ModGeometry.d from ../modflu/RFLU_ModGeometry.F90
Generating dependency file RFLU_ModGatherData.d from ../modflu/RFLU_ModGatherData.F90
Generating dependency file RFLU_ModForcesMoments.d from ../modflu/RFLU_ModForcesMoments.F90
Generating dependency file RFLU_ModFlowHardCode.d from ../modflu/RFLU_ModFlowHardCode.F90
Generating dependency file RFLU_ModFaceList.d from ../modflu/RFLU_ModFaceList.F90
Generating dependency file RFLU_ModExplicitMultiStage.d from ../modflu/RFLU_ModExplicitMultiStage.F90
Generating dependency file RFLU_ModExactFlow.d from ../modflu/RFLU_ModExactFlow.F90
Generating dependency file RFLU_ModEntropyFixes.d from ../modflu/RFLU_ModEntropyFixes.F90
Generating dependency file RFLU_ModEdgeList.d from ../modflu/RFLU_ModEdgeList.F90
Generating dependency file RFLU_ModDimensions.d from ../modflu/RFLU_ModDimensions.F90
Generating dependency file RFLU_ModDimensionality.d from ../modflu/RFLU_ModDimensionality.F90
Generating dependency file RFLU_ModDifferentiationBFaces.d from ../modflu/RFLU_ModDifferentiationBFaces.F90
Generating dependency file RFLU_ModDifferentiationFaces.d from ../modflu/RFLU_ModDifferentiationFaces.F90
Generating dependency file RFLU_ModDifferentiationCells.d from ../modflu/RFLU_ModDifferentiationCells.F90
Generating dependency file RFLU_ModDeallocateMemory.d from ../modflu/RFLU_ModDeallocateMemory.F90
Generating dependency file RFLU_ModCopyData.d from ../modflu/RFLU_ModCopyData.F90
Generating dependency file RFLU_ModConvertCv.d from ../modflu/RFLU_ModConvertCv.F90
Generating dependency file RFLU_ModConstraintUtils.d from ../modflu/RFLU_ModConstraintUtils.F90
Generating dependency file RFLU_ModCommLists.d from ../modflu/RFLU_ModCommLists.F90
Generating dependency file RFLU_ModColoring.d from ../modflu/RFLU_ModColoring.F90
Generating dependency file RFLU_ModCellMapping.d from ../modflu/RFLU_ModCellMapping.F90
Generating dependency file RFLU_ModCellFaceEdgeInfo.d from ../modflu/RFLU_ModCellFaceEdgeInfo.F90
Generating dependency file RFLU_ModBoundConvertCv.d from ../modflu/RFLU_ModBoundConvertCv.F90
Generating dependency file RFLU_ModBoundXvUtils.d from ../modflu/RFLU_ModBoundXvUtils.F90
Generating dependency file RFLU_ModBoundLists.d from ../modflu/RFLU_ModBoundLists.F90
Generating dependency file RFLU_ModBoundaryTests.d from ../modflu/RFLU_ModBoundaryTests.F90
Generating dependency file RFLU_ModBilinearPatch.d from ../modflu/RFLU_ModBilinearPatch.F90
Generating dependency file RFLU_ModBFaceGradAccessList.d from ../modflu/RFLU_ModBFaceGradAccessList.F90
Generating dependency file RFLU_ModBessel.d from ../modflu/RFLU_ModBessel.F90
Generating dependency file RFLU_ModAUSMPlusUpFlux.d from ../modflu/RFLU_ModAUSMPlusUpFlux.F90
Generating dependency file RFLU_ModAUSMFlux.d from ../modflu/RFLU_ModAUSMFlux.F90
Generating dependency file RFLU_ModAxisymmetry.d from ../modflu/RFLU_ModAxisymmetry.F90
Generating dependency file RFLU_ModAllocateMemory.d from ../modflu/RFLU_ModAllocateMemory.F90
Generating dependency file RFLU_ModABC.d from ../modflu/RFLU_ModABC.F90
Generating dependency file RFLU_ModLibVTKIO.d from ../modflu/RFLU_ModLibVTKIO.F90
Generating dependency file RFLU_ModLibBase64.d from ../modflu/RFLU_ModLibBase64.F90
Generating dependency file RFLU_ModIRPrecision.d from ../modflu/RFLU_ModIRPrecision.F90
Generating dependency file ModTools.d from ../modfloflu/ModTools.F90
Generating dependency file ModStencil.d from ../modfloflu/ModStencil.F90
Generating dependency file ModSpecies.d from ../modfloflu/ModSpecies.F90
Generating dependency file ModSortSearch.d from ../modfloflu/ModSortSearch.F90
Generating dependency file ModRandom.d from ../modfloflu/ModRandom.F90
Generating dependency file ModPlotting.d from ../modfloflu/ModPlotting.F90
Generating dependency file ModPartLag.d from ../modfloflu/ModPartLag.F90
Generating dependency file ModParameters.d from ../modfloflu/ModParameters.F90
Generating dependency file ModMPI.d from ../modfloflu/ModMPI.F90
Generating dependency file ModMixture.d from ../modfloflu/ModMixture.F90
Generating dependency file ModMaterials.d from ../modfloflu/ModMaterials.F90
Generating dependency file ModInterfaces.d from ../modfloflu/ModInterfaces.F90
Generating dependency file ModInterfacesUtil.d from ../modfloflu/ModInterfacesUtil.F90
Generating dependency file ModInterfacesMixt.d from ../modfloflu/ModInterfacesMixt.F90
Generating dependency file ModInterfacesIO.d from ../modfloflu/ModInterfacesIO.F90
Generating dependency file ModInterfacesBcond.d from ../modfloflu/ModInterfacesBcond.F90
Generating dependency file ModInteract.d from ../modfloflu/ModInteract.F90
Generating dependency file ModGrid.d from ../modfloflu/ModGrid.F90
Generating dependency file ModGlobal.d from ../modfloflu/ModGlobal.F90
Generating dependency file ModError.d from ../modfloflu/ModError.F90
Generating dependency file ModDataTypes.d from ../modfloflu/ModDataTypes.F90
Generating dependency file ModDataStruct.d from ../modfloflu/ModDataStruct.F90
Generating dependency file ModColoring.d from ../modfloflu/ModColoring.F90
Generating dependency file ModBuildFileNames.d from ../modfloflu/ModBuildFileNames.F90
Generating dependency file ModBorder.d from ../modfloflu/ModBorder.F90
Generating dependency file ModBndPatch.d from ../modfloflu/ModBndPatch.F90
mpif90 -O3  -c ../libflu/daxpy.f -o daxpy.o
mpif90 -O3  -c ../libflu/dbdsdc.f -o dbdsdc.o
mpif90 -O3  -c ../libflu/dbdsqr.f -o dbdsqr.o
mpif90 -O3  -c ../libflu/dcopy.f -o dcopy.o
mpif90 -O3  -c ../libflu/dcuhre.f -o dcuhre.o
mpif90 -O3  -c ../libflu/ddot.f -o ddot.o
mpif90 -O3  -c ../libflu/dgebak.f -o dgebak.o
mpif90 -O3  -c ../libflu/dgebal.f -o dgebal.o
mpif90 -O3  -c ../libflu/dgebd2.f -o dgebd2.o
mpif90 -O3  -c ../libflu/dgebrd.f -o dgebrd.o
mpif90 -O3  -c ../libflu/dgeev.f -o dgeev.o
mpif90 -O3  -c ../libflu/dgehd2.f -o dgehd2.o
mpif90 -O3  -c ../libflu/dgehrd.f -o dgehrd.o
mpif90 -O3  -c ../libflu/dgelq2.f -o dgelq2.o
mpif90 -O3  -c ../libflu/dgelqf.f -o dgelqf.o
mpif90 -O3  -c ../libflu/dgemm.f -o dgemm.o
mpif90 -O3  -c ../libflu/dgemv.f -o dgemv.o
mpif90 -O3  -c ../libflu/dgeqr2.f -o dgeqr2.o
mpif90 -O3  -c ../libflu/dgeqrf.f -o dgeqrf.o
mpif90 -O3  -c ../libflu/dger.f -o dger.o
mpif90 -O3  -c ../libflu/dgerq2.f -o dgerq2.o
mpif90 -O3  -c ../libflu/dgerqf.f -o dgerqf.o
mpif90 -O3  -c ../libflu/dgglse.f -o dgglse.o
mpif90 -O3  -c ../libflu/dggrqf.f -o dggrqf.o
mpif90 -O3  -c ../libflu/dgesdd.f -o dgesdd.o
mpif90 -O3  -c ../libflu/dhseqr.f -o dhseqr.o
mpif90 -O3  -c ../libflu/dlabad.f -o dlabad.o
mpif90 -O3  -c ../libflu/dlabrd.f -o dlabrd.o
mpif90 -O3  -c ../libflu/dlacpy.f -o dlacpy.o
mpif90 -O3  -c ../libflu/dladiv.f -o dladiv.o
mpif90 -O3  -c ../libflu/dlaed6.f -o dlaed6.o
mpif90 -O3  -c ../libflu/dlahqr.f -o dlahqr.o
mpif90 -O3  -c ../libflu/dlahrd.f -o dlahrd.o
mpif90 -O3  -c ../libflu/dlaln2.f -o dlaln2.o
mpif90 -O3  -c ../libflu/dlamch.f -o dlamch.o
mpif90 -O3  -c ../libflu/dlamrg.f -o dlamrg.o
mpif90 -O3  -c ../libflu/dlange.f -o dlange.o
mpif90 -O3  -c ../libflu/dlanhs.f -o dlanhs.o
mpif90 -O3  -c ../libflu/dlanst.f -o dlanst.o
mpif90 -O3  -c ../libflu/dlanv2.f -o dlanv2.o
mpif90 -O3  -c ../libflu/dlapy2.f -o dlapy2.o
mpif90 -O3  -c ../libflu/dlarfb.f -o dlarfb.o
mpif90 -O3  -c ../libflu/dlarf.f -o dlarf.o
mpif90 -O3  -c ../libflu/dlarfg.f -o dlarfg.o
mpif90 -O3  -c ../libflu/dlarft.f -o dlarft.o
mpif90 -O3  -c ../libflu/dlarfx.f -o dlarfx.o
mpif90 -O3  -c ../libflu/dlartg.f -o dlartg.o
mpif90 -O3  -c ../libflu/dlas2.f -o dlas2.o
mpif90 -O3  -c ../libflu/dlascl.f -o dlascl.o
mpif90 -O3  -c ../libflu/dlasd0.f -o dlasd0.o
mpif90 -O3  -c ../libflu/dlasd1.f -o dlasd1.o
mpif90 -O3  -c ../libflu/dlasd2.f -o dlasd2.o
mpif90 -O3  -c ../libflu/dlasd3.f -o dlasd3.o
mpif90 -O3  -c ../libflu/dlasd4.f -o dlasd4.o
mpif90 -O3  -c ../libflu/dlasd5.f -o dlasd5.o
mpif90 -O3  -c ../libflu/dlasd6.f -o dlasd6.o
mpif90 -O3  -c ../libflu/dlasd7.f -o dlasd7.o
mpif90 -O3  -c ../libflu/dlasd8.f -o dlasd8.o
mpif90 -O3  -c ../libflu/dlasda.f -o dlasda.o
mpif90 -O3  -c ../libflu/dlasdq.f -o dlasdq.o
mpif90 -O3  -c ../libflu/dlasdt.f -o dlasdt.o
mpif90 -O3  -c ../libflu/dlaset.f -o dlaset.o
mpif90 -O3  -c ../libflu/dlasq1.f -o dlasq1.o
mpif90 -O3  -c ../libflu/dlasq2.f -o dlasq2.o
mpif90 -O3  -c ../libflu/dlasq3.f -o dlasq3.o
mpif90 -O3  -c ../libflu/dlasq4.f -o dlasq4.o
mpif90 -O3  -c ../libflu/dlasq5.f -o dlasq5.o
mpif90 -O3  -c ../libflu/dlasq6.f -o dlasq6.o
mpif90 -O3  -c ../libflu/dlasr.f -o dlasr.o
mpif90 -O3  -c ../libflu/dlasrt.f -o dlasrt.o
mpif90 -O3  -c ../libflu/dlassq.f -o dlassq.o
mpif90 -O3  -c ../libflu/dlasv2.f -o dlasv2.o
mpif90 -O3  -c ../libflu/dnrm2.f -o dnrm2.o
mpif90 -O3  -c ../libflu/dorghr.f -o dorghr.o
mpif90 -O3  -c ../libflu/dorg2r.f -o dorg2r.o
mpif90 -O3  -c ../libflu/dorgbr.f -o dorgbr.o
mpif90 -O3  -c ../libflu/dorgl2.f -o dorgl2.o
mpif90 -O3  -c ../libflu/dorglq.f -o dorglq.o
mpif90 -O3  -c ../libflu/dorgqr.f -o dorgqr.o
mpif90 -O3  -c ../libflu/dorm2r.f -o dorm2r.o
mpif90 -O3  -c ../libflu/dormbr.f -o dormbr.o
mpif90 -O3  -c ../libflu/dorml2.f -o dorml2.o
mpif90 -O3  -c ../libflu/dormlq.f -o dormlq.o
mpif90 -O3  -c ../libflu/dormqr.f -o dormqr.o
mpif90 -O3  -c ../libflu/dormr2.f -o dormr2.o
mpif90 -O3  -c ../libflu/dormrq.f -o dormrq.o
mpif90 -O3  -c ../libflu/drot.f -o drot.o
mpif90 -O3  -c ../libflu/dscal.f -o dscal.o
mpif90 -O3  -c ../libflu/dswap.f -o dswap.o
mpif90 -O3  -c ../libflu/dtrevc.f -o dtrevc.o
mpif90 -O3  -c ../libflu/dtrmm.f -o dtrmm.o
mpif90 -O3  -c ../libflu/dtrmv.f -o dtrmv.o
mpif90 -O3  -c ../libflu/dtrsv.f -o dtrsv.o
mpif90 -O3  -c ../libflu/idamax.f -o idamax.o
mpif90 -O3  -c ../libflu/ieeeck.f -o ieeeck.o
mpif90 -O3  -c ../libflu/ilaenv.f -o ilaenv.o
mpif90 -O3  -c ../libflu/lsame.f -o lsame.o
mpif90 -O3  -c ../libflu/xerbla.f -o xerbla.o
DRFLU -O3   -c ../modfloflu/ModDataTypes.F90 -o ModDataTypes.o
DRFLU -O3   -c ../modfloflu/ModParameters.F90 -o ModParameters.o
DRFLU -O3   -c ../modfloflu/ModPartLag.F90 -o ModPartLag.o
DRFLU -O3   -c ../modfloflu/ModStencil.F90 -o ModStencil.o
DRFLU -O3   -c ../modfloflu/ModBndPatch.F90 -o ModBndPatch.o
DRFLU -O3   -c ../modfloflu/ModBorder.F90 -o ModBorder.o
DRFLU -O3   -c ../modfloflu/ModMaterials.F90 -o ModMaterials.o
DRFLU -O3   -c ../modfloflu/ModGlobal.F90 -o ModGlobal.o
DRFLU -O3   -c ../modfloflu/ModMPI.F90 -o ModMPI.o
DRFLU -O3   -c ../modfloflu/ModError.F90 -o ModError.o
DRFLU -O3   -c ../modfloflu/ModBuildFileNames.F90 -o ModBuildFileNames.o
DRFLU -O3   -c ../modfloflu/ModColoring.F90 -o ModColoring.o
DRFLU -O3   -c ../modfloflu/ModGrid.F90 -o ModGrid.o
DRFLU -O3   -c ../modfloflu/ModInteract.F90 -o ModInteract.o
DRFLU -O3   -c ../modfloflu/ModMixture.F90 -o ModMixture.o
DRFLU -O3   -c ../modfloflu/ModPlotting.F90 -o ModPlotting.o
DRFLU -O3   -c ../modfloflu/ModRandom.F90 -o ModRandom.o
DRFLU -O3   -c ../modfloflu/ModSpecies.F90 -o ModSpecies.o
DRFLU -O3   -c ../modfloflu/ModDataStruct.F90 -o ModDataStruct.o
DRFLU -O3   -c ../modfloflu/ModInterfacesBcond.F90 -o ModInterfacesBcond.o
DRFLU -O3   -c ../modfloflu/ModInterfacesIO.F90 -o ModInterfacesIO.o
DRFLU -O3   -c ../modfloflu/ModInterfacesMixt.F90 -o ModInterfacesMixt.o
DRFLU -O3   -c ../modfloflu/ModInterfacesUtil.F90 -o ModInterfacesUtil.o
DRFLU -O3   -c ../modflu/RFLU_ModInterfacesCommon.F90 -o RFLU_ModInterfacesCommon.o
DRFLU -O3   -c ../modflu/RFLU_ModInterfacesLibrary.F90 -o RFLU_ModInterfacesLibrary.o
DRFLU -O3   -c ../modflu/RFLU_ModInterfacesSolver.F90 -o RFLU_ModInterfacesSolver.o
DRFLU -O3   -c ../modflu/RFLU_ModInterfacesUtilities.F90 -o RFLU_ModInterfacesUtilities.o
DRFLU -O3   -c ../modfloflu/ModInterfaces.F90 -o ModInterfaces.o
DRFLU -O3   -c ../modfloflu/ModSortSearch.F90 -o ModSortSearch.o
DRFLU -O3   -c ../modfloflu/ModTools.F90 -o ModTools.o
DRFLU -O3   -c ../modflu/RFLU_ModIRPrecision.F90 -o RFLU_ModIRPrecision.o
DRFLU -O3   -c ../modflu/RFLU_ModLibBase64.F90 -o RFLU_ModLibBase64.o
DRFLU -O3   -c ../modflu/RFLU_ModLibVTKIO.F90 -o RFLU_ModLibVTKIO.o
DRFLU -O3   -c ../modflu/RFLU_ModBessel.F90 -o RFLU_ModBessel.o
DRFLU -O3   -c ../modflu/RFLU_ModExactFlow.F90 -o RFLU_ModExactFlow.o
DRFLU -O3   -c ../modflu/RFLU_ModFlowHardCode.F90 -o RFLU_ModFlowHardCode.o
DRFLU -O3   -c ../modflu/RFLU_ModABC.F90 -o RFLU_ModABC.o
DRFLU -O3   -c ../modflu/RFLU_ModGridSpeedUtils.F90 -o RFLU_ModGridSpeedUtils.o
DRFLU -O3   -c ../modflu/RFLU_ModOctree.F90 -o RFLU_ModOctree.o
DRFLU -O3   -c ../modflu/RFLU_ModOLES.F90 -o RFLU_ModOLES.o
DRFLU -O3   -c ../modflu/RFLU_ModAllocateMemory.F90 -o RFLU_ModAllocateMemory.o
DRFLU -O3   -c ../modflu/RFLU_ModAxisymmetry.F90 -o RFLU_ModAxisymmetry.o
DRFLU -O3   -c ../modflu/RFLU_ModJWL.F90 -o RFLU_ModJWL.o
DRFLU -O3   -c ../modflu/RFLU_ModConvertCv.F90 -o RFLU_ModConvertCv.o
DRFLU -O3   -c ../modflu/RFLU_ModRindStates.F90 -o RFLU_ModRindStates.o
DRFLU -O3   -c ../modflu/RFLU_ModAUSMFlux.F90 -o RFLU_ModAUSMFlux.o
DRFLU -O3   -c ../modflu/RFLU_ModAUSMPlusUpFlux.F90 -o RFLU_ModAUSMPlusUpFlux.o
DRFLU -O3   -c ../modflu/RFLU_ModBFaceGradAccessList.F90 -o RFLU_ModBFaceGradAccessList.o
DRFLU -O3   -c ../modflu/RFLU_ModBilinearPatch.F90 -o RFLU_ModBilinearPatch.o
DRFLU -O3   -c ../modflu/RFLU_ModBoundaryTests.F90 -o RFLU_ModBoundaryTests.o
DRFLU -O3   -c ../modflu/RFLU_ModHashTable.F90 -o RFLU_ModHashTable.o
DRFLU -O3   -c ../modflu/RFLU_ModRenumberList.F90 -o RFLU_ModRenumberList.o
DRFLU -O3   -c ../modflu/RFLU_ModBoundLists.F90 -o RFLU_ModBoundLists.o
DRFLU -O3   -c ../modflu/RFLU_ModBoundConvertCv.F90 -o RFLU_ModBoundConvertCv.o
DRFLU -O3   -c ../modflu/RFLU_ModConstraintUtils.F90 -o RFLU_ModConstraintUtils.o
DRFLU -O3   -c ../modflu/RFLU_ModPatchUtils.F90 -o RFLU_ModPatchUtils.o
DRFLU -O3   -c ../modflu/RFLU_ModWeights.F90 -o RFLU_ModWeights.o
DRFLU -O3   -c ../modflu/RFLU_ModDifferentiationBFaces.F90 -o RFLU_ModDifferentiationBFaces.o
DRFLU -O3   -c ../modflu/RFLU_ModEntropyFixes.F90 -o RFLU_ModEntropyFixes.o
DRFLU -O3   -c ../modflu/RFLU_ModNSCBC.F90 -o RFLU_ModNSCBC.o
DRFLU -O3   -c ../modflu/RFLU_ModBoundXvUtils.F90 -o RFLU_ModBoundXvUtils.o
DRFLU -O3   -c ../modflu/RFLU_ModCellMapping.F90 -o RFLU_ModCellMapping.o
DRFLU -O3   -c ../modflu/RFLU_ModCellFaceEdgeInfo.F90 -o RFLU_ModCellFaceEdgeInfo.o
DRFLU -O3   -c ../modflu/RFLU_ModCopyData.F90 -o RFLU_ModCopyData.o
DRFLU -O3   -c ../modflu/RFLU_ModDifferentiationCells.F90 -o RFLU_ModDifferentiationCells.o
DRFLU -O3   -c ../modflu/RFLU_ModGeometryTools.F90 -o RFLU_ModGeometryTools.o
DRFLU -O3   -c ../modflu/RFLU_ModStencilsUtils.F90 -o RFLU_ModStencilsUtils.o
DRFLU -O3   -c ../modflu/RFLU_ModDifferentiationFaces.F90 -o RFLU_ModDifferentiationFaces.o
DRFLU -O3   -c ../modflu/RFLU_ModLimiters.F90 -o RFLU_ModLimiters.o
DRFLU -O3   -c ../modflu/RFLU_ModInterpolation.F90 -o RFLU_ModInterpolation.o
DRFLU -O3   -c ../modflu/RFLU_ModViscousFlux.F90 -o RFLU_ModViscousFlux.o
DRFLU -O3   -c ../modflu/RFLU_ModWENO.F90 -o RFLU_ModWENO.o
DRFLU -O3   -c ../modflu/RFLU_ModResidual.F90 -o RFLU_ModResidual.o
DRFLU -O3   -c ../modflu/RFLU_ModColoring.F90 -o RFLU_ModColoring.o
DRFLU -O3   -c ../modflu/RFLU_ModRegionMapping.F90 -o RFLU_ModRegionMapping.o
DRFLU -O3   -c ../modflu/RFLU_ModStencilsCells.F90 -o RFLU_ModStencilsCells.o
DRFLU -O3   -c ../modflu/RFLU_ModGrid.F90 -o RFLU_ModGrid.o
DRFLU -O3   -c ../modflu/RFLU_ModTopologyUtils.F90 -o RFLU_ModTopologyUtils.o
DRFLU -O3   -c ../modflu/RFLU_ModSymmetryPeriodic.F90 -o RFLU_ModSymmetryPeriodic.o
DRFLU -O3   -c ../modflu/RFLU_ModCommLists.F90 -o RFLU_ModCommLists.o
DRFLU -O3   -c ../modflu/RFLU_ModDeallocateMemory.F90 -o RFLU_ModDeallocateMemory.o
DRFLU -O3   -c ../modflu/RFLU_ModDimensionality.F90 -o RFLU_ModDimensionality.o
DRFLU -O3   -c ../modflu/RFLU_ModDimensions.F90 -o RFLU_ModDimensions.o
DRFLU -O3   -c ../modflu/RFLU_ModEdgeList.F90 -o RFLU_ModEdgeList.o
DRFLU -O3   -c ../modflu/RFLU_ModExplicitMultiStage.F90 -o RFLU_ModExplicitMultiStage.o
DRFLU -O3   -c ../modflu/RFLU_ModFaceList.F90 -o RFLU_ModFaceList.o
DRFLU -O3   -c ../modflu/RFLU_ModForcesMoments.F90 -o RFLU_ModForcesMoments.o
DRFLU -O3   -c ../modflu/RFLU_ModGatherData.F90 -o RFLU_ModGatherData.o
DRFLU -O3   -c ../modflu/RFLU_ModGeometry.F90 -o RFLU_ModGeometry.o
DRFLU -O3   -c ../modflu/RFLU_ModGFM.F90 -o RFLU_ModGFM.o
DRFLU -O3   -c ../modflu/RFLU_ModGlobalIds.F90 -o RFLU_ModGlobalIds.o
DRFLU -O3   -c ../modflu/RFLU_ModGridUtils.F90 -o RFLU_ModGridUtils.o
DRFLU -O3   -c ../modflu/RFLU_ModHLLCFlux.F90 -o RFLU_ModHLLCFlux.o
DRFLU -O3   -c ../modflu/RFLU_ModHypre.F90 -o RFLU_ModHypre.o
DRFLU -O3   -c ../modflu/RFLU_ModMPI.F90 -o RFLU_ModMPI.o
DRFLU -O3   -c ../modflu/RFLU_ModMovingFrame.F90 -o RFLU_ModMovingFrame.o
DRFLU -O3   -c ../modflu/RFLU_ModRelatedPatches.F90 -o RFLU_ModRelatedPatches.o
DRFLU -O3   -c ../modflu/RFLU_ModHouMahesh.F90 -o RFLU_ModHouMahesh.o
DRFLU -O3   -c ../modflu/RFLU_ModInCellTest.F90 -o RFLU_ModInCellTest.o
DRFLU -O3   -c ../modflu/RFLU_ModPatchCoeffs.F90 -o RFLU_ModPatchCoeffs.o
DRFLU -O3   -c ../modflu/RFLU_ModPlottingVars.F90 -o RFLU_ModPlottingVars.o
DRFLU -O3   -c ../modflu/RFLU_ModProbes.F90 -o RFLU_ModProbes.o
DRFLU -O3   -c ../modflu/RFLU_ModReadBcInputFile.F90 -o RFLU_ModReadBcInputFile.o
DRFLU -O3   -c ../modflu/RFLU_ModReadWriteAuxVars.F90 -o RFLU_ModReadWriteAuxVars.o
DRFLU -O3   -c ../modflu/RFLU_ModReadWriteBcDataFile.F90 -o RFLU_ModReadWriteBcDataFile.o
DRFLU -O3   -c ../modflu/RFLU_ModReadWriteFlow.F90 -o RFLU_ModReadWriteFlow.o
DRFLU -O3   -c ../modflu/RFLU_ModReadWriteGrid.F90 -o RFLU_ModReadWriteGrid.o
DRFLU -O3   -c ../modflu/RFLU_ModReadWriteGridSpeeds.F90 -o RFLU_ModReadWriteGridSpeeds.o
DRFLU -O3   -c ../modflu/RFLU_ModRenumberings.F90 -o RFLU_ModRenumberings.o
DRFLU -O3   -c ../modflu/RFLU_ModRepair3D.F90 -o RFLU_ModRepair3D.o
DRFLU -O3   -c ../modflu/RFLU_ModRoeFlux.F90 -o RFLU_ModRoeFlux.o
DRFLU -O3   -c ../modflu/RFLU_ModThrustSpecImpulse.F90 -o RFLU_ModThrustSpecImpulse.o
DRFLU -O3   -c ../modflu/RFLU_ModSplitTree.F90 -o RFLU_ModSplitTree.o
DRFLU -O3   -c ../modflu/RFLU_ModStencilsBFaces.F90 -o RFLU_ModStencilsBFaces.o
DRFLU -O3   -c ../modflu/RFLU_ModStencilsFaces.F90 -o RFLU_ModStencilsFaces.o
DRFLU -O3   -c ../modflu/RFLU_ModStencilsVert.F90 -o RFLU_ModStencilsVert.o
DRFLU -O3   -c ../modflu/RFLU_ModTETMESH.F90 -o RFLU_ModTETMESH.o
DRFLU -O3   -c ../modflu/RFLU_ModTime.F90 -o RFLU_ModTime.o
DRFLU -O3   -c ../modflu/RFLU_ModTimeZoom.F90 -o RFLU_ModTimeZoom.o
DRFLU -O3   -c ../modflu/RFLU_ModVertexLists.F90 -o RFLU_ModVertexLists.o
DRFLU -O3   -c ../libfloflu/AfterUpdateMP.F90 -o AfterUpdateMP.o
DRFLU -O3   -c ../libfloflu/BcondFarfieldPerf.F90 -o BcondFarfieldPerf.o
DRFLU -O3   -c ../libfloflu/BcondInflowPerf.F90 -o BcondInflowPerf.o
DRFLU -O3   -c ../libfloflu/BcondInflowPerf_GL.F90 -o BcondInflowPerf_GL.o
DRFLU -O3   -c ../libfloflu/BcondInjectionPerf.F90 -o BcondInjectionPerf.o
DRFLU -O3   -c ../libfloflu/BcondOutflowPerf.F90 -o BcondOutflowPerf.o
DRFLU -O3   -c ../libfloflu/BcondOutflowPerf_GL.F90 -o BcondOutflowPerf_GL.o
DRFLU -O3   -c ../libfloflu/BuildPatchIdentifier.F90 -o BuildPatchIdentifier.o
DRFLU -O3   -c ../libfloflu/CellCentroid.F90 -o CellCentroid.o
DRFLU -O3   -c ../libfloflu/CellGradientsMP.F90 -o CellGradientsMP.o
DRFLU -O3   -c ../libfloflu/ControlVolume.F90 -o ControlVolume.o
DRFLU -O3   -c ../libfloflu/ConvectiveFluxes.F90 -o ConvectiveFluxes.o
DRFLU -O3   -c ../libfloflu/ConvectiveFluxesMP.F90 -o ConvectiveFluxesMP.o
DRFLU -O3   -c ../libfloflu/DescaleGridSpeeds.F90 -o DescaleGridSpeeds.o
DRFLU -O3   -c ../libfloflu/DummyRungeKuttaMP.F90 -o DummyRungeKuttaMP.o
DRFLU -O3   -c ../libfloflu/FaceCentroid.F90 -o FaceCentroid.o
DRFLU -O3   -c ../libfloflu/FaceVector.F90 -o FaceVector.o
DRFLU -O3   -c ../libfloflu/IntegrateSourceTermsMP.F90 -o IntegrateSourceTermsMP.o
DRFLU -O3   -c ../libfloflu/MakeNumberedKeys.F90 -o MakeNumberedKeys.o
DRFLU -O3   -c ../libfloflu/MixtGasLiq_C.F90 -o MixtGasLiq_C.o
DRFLU -O3   -c ../libfloflu/MixtGasLiq_E.F90 -o MixtGasLiq_E.o
DRFLU -O3   -c ../libfloflu/MixtGasLiq_P.F90 -o MixtGasLiq_P.o
DRFLU -O3   -c ../libfloflu/MixtLiq_C.F90 -o MixtLiq_C.o
DRFLU -O3   -c ../libfloflu/MixtLiq_D.F90 -o MixtLiq_D.o
DRFLU -O3   -c ../libfloflu/MixtPerf_C.F90 -o MixtPerf_C.o
DRFLU -O3   -c ../libfloflu/MixtPerf_Cv.F90 -o MixtPerf_Cv.o
DRFLU -O3   -c ../libfloflu/MixtPerf_D.F90 -o MixtPerf_D.o
DRFLU -O3   -c ../libfloflu/MixtPerf_E.F90 -o MixtPerf_E.o
DRFLU -O3   -c ../libfloflu/MixtPerf_G.F90 -o MixtPerf_G.o
DRFLU -O3   -c ../libfloflu/MixtPerf_H.F90 -o MixtPerf_H.o
DRFLU -O3   -c ../libfloflu/MixtPerf_M.F90 -o MixtPerf_M.o
DRFLU -O3   -c ../libfloflu/MixtPerf_P.F90 -o MixtPerf_P.o
DRFLU -O3   -c ../libfloflu/MixtPerf_R.F90 -o MixtPerf_R.o
DRFLU -O3   -c ../libfloflu/MixtPerf_T.F90 -o MixtPerf_T.o
DRFLU -O3   -c ../libfloflu/MixtPerf_Vm.F90 -o MixtPerf_Vm.o
DRFLU -O3   -c ../libfloflu/MixtureProperties.F90 -o MixtureProperties.o
DRFLU -O3   -c ../libfloflu/PerfgasDependentVars.F90 -o PerfgasDependentVars.o
DRFLU -O3   -c ../libfloflu/PerfgasGasVars.F90 -o PerfgasGasVars.o
DRFLU -O3   -c ../libfloflu/PerfgasTransportVars.F90 -o PerfgasTransportVars.o
DRFLU -O3   -c ../libfloflu/ReadABCSection.F90 -o ReadABCSection.o
DRFLU -O3   -c ../libfloflu/ReadAccelerationSection.F90 -o ReadAccelerationSection.o
DRFLU -O3   -c ../libfloflu/ReadFlowSection.F90 -o ReadFlowSection.o
DRFLU -O3   -c ../libfloflu/ReadForcesSection.F90 -o ReadForcesSection.o
DRFLU -O3   -c ../libfloflu/ReadFormatsSection.F90 -o ReadFormatsSection.o
DRFLU -O3   -c ../libfloflu/ReadGFMSection.F90 -o ReadGFMSection.o
DRFLU -O3   -c ../libfloflu/ReadGridMotionSection.F90 -o ReadGridMotionSection.o
DRFLU -O3   -c ../libfloflu/ReadInitFlowSection.F90 -o ReadInitFlowSection.o
DRFLU -O3   -c ../libfloflu/ReadInputFile.F90 -o ReadInputFile.o
DRFLU -O3   -c ../libfloflu/ReadInputUtil.F90 -o ReadInputUtil.o
DRFLU -O3   -c ../libfloflu/ReadMiscSection.F90 -o ReadMiscSection.o
DRFLU -O3   -c ../libfloflu/ReadMixtureSection.F90 -o ReadMixtureSection.o
DRFLU -O3   -c ../libfloflu/ReadMvFrameSection.F90 -o ReadMvFrameSection.o
DRFLU -O3   -c ../libfloflu/ReadMultigridSection.F90 -o ReadMultigridSection.o
DRFLU -O3   -c ../libfloflu/ReadNumericsSection.F90 -o ReadNumericsSection.o
DRFLU -O3   -c ../libfloflu/ReadPostSection.F90 -o ReadPostSection.o
DRFLU -O3   -c ../libfloflu/ReadPrepSection.F90 -o ReadPrepSection.o
DRFLU -O3   -c ../libfloflu/ReadProbeSection.F90 -o ReadProbeSection.o
DRFLU -O3   -c ../libfloflu/ReadRandomSection.F90 -o ReadRandomSection.o
DRFLU -O3   -c ../libfloflu/ReadReferenceSection.F90 -o ReadReferenceSection.o
DRFLU -O3   -c ../libfloflu/ReadRocketSection.F90 -o ReadRocketSection.o
DRFLU -O3   -c ../libfloflu/ReadThrustSection.F90 -o ReadThrustSection.o
DRFLU -O3   -c ../libfloflu/ReadTimestepSection.F90 -o ReadTimestepSection.o
DRFLU -O3   -c ../libfloflu/ReadTimeZoomingSection.F90 -o ReadTimeZoomingSection.o
DRFLU -O3   -c ../libfloflu/ReadTransformSection.F90 -o ReadTransformSection.o
DRFLU -O3   -c ../libfloflu/ReadViscositySection.F90 -o ReadViscositySection.o
DRFLU -O3   -c ../libfloflu/ReflectPosition.F90 -o ReflectPosition.o
DRFLU -O3   -c ../libfloflu/ReflectVector.F90 -o ReflectVector.o
DRFLU -O3   -c ../libfloflu/RkInitGeneric.F90 -o RkInitGeneric.o
DRFLU -O3   -c ../libfloflu/RkInitMP.F90 -o RkInitMP.o
DRFLU -O3   -c ../libfloflu/RkInitPointScalar.F90 -o RkInitPointScalar.o
DRFLU -O3   -c ../libfloflu/RkInitSD.F90 -o RkInitSD.o
DRFLU -O3   -c ../libfloflu/RkUpdateGeneric.F90 -o RkUpdateGeneric.o
DRFLU -O3   -c ../libfloflu/RkUpdateMP.F90 -o RkUpdateMP.o
DRFLU -O3   -c ../libfloflu/RkUpdatePointScalar.F90 -o RkUpdatePointScalar.o
DRFLU -O3   -c ../libfloflu/RungeKuttaMP.F90 -o RungeKuttaMP.o
DRFLU -O3   -c ../libfloflu/ScaleGridSpeeds.F90 -o ScaleGridSpeeds.o
DRFLU -O3   -c ../libfloflu/ScaleRotateVector.F90 -o ScaleRotateVector.o
DRFLU -O3   -c ../libfloflu/SourceTerms.F90 -o SourceTerms.o
DRFLU -O3   -c ../libfloflu/SourceTermsMovingFrame.F90 -o SourceTermsMovingFrame.o
DRFLU -O3   -c ../libfloflu/SourceTermsMP.F90 -o SourceTermsMP.o
DRFLU -O3   -c ../libfloflu/SplitQuadFace.F90 -o SplitQuadFace.o
DRFLU -O3   -c ../libfloflu/UpdateDependentVarsMP.F90 -o UpdateDependentVarsMP.o
DRFLU -O3   -c ../libfloflu/UpdateTbc.F90 -o UpdateTbc.o
DRFLU -O3   -c ../libfloflu/UpdateTbcPiecewise.F90 -o UpdateTbcPiecewise.o
DRFLU -O3   -c ../libfloflu/UpdateTbcSinusoidal.F90 -o UpdateTbcSinusoidal.o
DRFLU -O3   -c ../libfloflu/UpdateTbcStochastic.F90 -o UpdateTbcStochastic.o
DRFLU -O3   -c ../libfloflu/UpdateTbcWhitenoise.F90 -o UpdateTbcWhitenoise.o
DRFLU -O3   -c ../libfloflu/ViscousFluxes.F90 -o ViscousFluxes.o
DRFLU -O3   -c ../libfloflu/ViscousFluxesMP.F90 -o ViscousFluxesMP.o
DRFLU -O3   -c ../libfloflu/WriteConvergence.F90 -o WriteConvergence.o
DRFLU -O3   -c ../libfloflu/WriteProbe.F90 -o WriteProbe.o
DRFLU -O3   -c ../libfloflu/WriteTotalMass.F90 -o WriteTotalMass.o
DRFLU -O3   -c ../libfloflu/ZeroDummyCellsMP.F90 -o ZeroDummyCellsMP.o
DRFLU -O3   -c ../libfloflu/ZeroResidualsMP.F90 -o ZeroResidualsMP.o
DRFLU -O3   -c ../libflu/RFLU_AllocateMemoryTbc.F90 -o RFLU_AllocateMemoryTbc.o
DRFLU -O3   -c ../libflu/RFLU_BuildDataStruct.F90 -o RFLU_BuildDataStruct.o
DRFLU -O3   -c ../libflu/RFLU_CheckDerivedUserInput.F90 -o RFLU_CheckDerivedUserInput.o
DRFLU -O3   -c ../libflu/RFLU_CheckPositivity.F90 -o RFLU_CheckPositivity.o
DRFLU -O3   -c ../libflu/RFLU_CheckPositivity_GL.F90 -o RFLU_CheckPositivity_GL.o
DRFLU -O3   -c ../libflu/RFLU_CheckPositivityWrapper.F90 -o RFLU_CheckPositivityWrapper.o
DRFLU -O3   -c ../libflu/RFLU_CheckUserInput.F90 -o RFLU_CheckUserInput.o
DRFLU -O3   -c ../libflu/RFLU_CheckValidity.F90 -o RFLU_CheckValidity.o
DRFLU -O3   -c ../libflu/RFLU_CheckValidity_GL.F90 -o RFLU_CheckValidity_GL.o
DRFLU -O3   -c ../libflu/RFLU_CheckValidityWrapper.F90 -o RFLU_CheckValidityWrapper.o
DRFLU -O3   -c ../libflu/RFLU_ClosePostInfo.F90 -o RFLU_ClosePostInfo.o
DRFLU -O3   -c ../libflu/RFLU_CloseRestartInfo.F90 -o RFLU_CloseRestartInfo.o
DRFLU -O3   -c ../libflu/RFLU_ComputeDCUHREInfo.F90 -o RFLU_ComputeDCUHREInfo.o
DRFLU -O3   -c ../libflu/RFLU_ComputeGridSpacingCyldet.F90 -o RFLU_ComputeGridSpacingCyldet.o
DRFLU -O3   -c ../libflu/RFLU_ComputeGridSpacingShktb.F90 -o RFLU_ComputeGridSpacingShktb.o
DRFLU -O3   -c ../libflu/RFLU_CreateGrid.F90 -o RFLU_CreateGrid.o
DRFLU -O3   -c ../libflu/RFLU_CreateRegions.F90 -o RFLU_CreateRegions.o
DRFLU -O3   -c ../libflu/RFLU_DecideNeedBGradFace.F90 -o RFLU_DecideNeedBGradFace.o
DRFLU -O3   -c ../libflu/RFLU_DecideNeedStencils.F90 -o RFLU_DecideNeedStencils.o
DRFLU -O3   -c ../libflu/RFLU_DecideNeedWeights.F90 -o RFLU_DecideNeedWeights.o
DRFLU -O3   -c ../libflu/RFLU_DecidePrint.F90 -o RFLU_DecidePrint.o
DRFLU -O3   -c ../libflu/RFLU_DecideWrite.F90 -o RFLU_DecideWrite.o
DRFLU -O3   -c ../libflu/RFLU_DecideSmallWrite.F90 -o RFLU_DecideSmallWrite.o
DRFLU -O3   -c ../libflu/RFLU_DerivedInputValues.F90 -o RFLU_DerivedInputValues.o
DRFLU -O3   -c ../libflu/RFLU_DestroyGrid.F90 -o RFLU_DestroyGrid.o
DRFLU -O3   -c ../libflu/RFLU_EnforceBounds.F90 -o RFLU_EnforceBounds.o
DRFLU -O3   -c ../libflu/RFLU_EnforceBoundsWrapper.F90 -o RFLU_EnforceBoundsWrapper.o
DRFLU -O3   -c ../libflu/RFLU_EquilibriumEulerian.F90 -o RFLU_EquilibriumEulerian.o
DRFLU -O3   -c ../libflu/RFLU_FinishSD.F90 -o RFLU_FinishSD.o
DRFLU -O3   -c ../libflu/RFLU_GetCvLoc.F90 -o RFLU_GetCvLoc.o
DRFLU -O3   -c ../libflu/RFLU_GetUserInput.F90 -o RFLU_GetUserInput.o
DRFLU -O3   -c ../libflu/RFLU_InitAuxVars.F90 -o RFLU_InitAuxVars.o
DRFLU -O3   -c ../libflu/RFLU_InitGlobal.F90 -o RFLU_InitGlobal.o
DRFLU -O3   -c ../libflu/RFLU_InitInputValues.F90 -o RFLU_InitInputValues.o
DRFLU -O3   -c ../libflu/RFLU_InvertMatrixSVD.F90 -o RFLU_InvertMatrixSVD.o
DRFLU -O3   -c ../libflu/RFLU_OpenPostInfo.F90 -o RFLU_OpenPostInfo.o
DRFLU -O3   -c ../libflu/RFLU_OpenRestartInfo.F90 -o RFLU_OpenRestartInfo.o
DRFLU -O3   -c ../libflu/RFLU_PrintFlowInfo.F90 -o RFLU_PrintFlowInfo.o
DRFLU -O3   -c ../libflu/RFLU_PrintFlowInfoWrapper.F90 -o RFLU_PrintFlowInfoWrapper.o
DRFLU -O3   -c ../libflu/RFLU_PrintGridInfo.F90 -o RFLU_PrintGridInfo.o
DRFLU -O3   -c ../libflu/RFLU_PrintLocInfo.F90 -o RFLU_PrintLocInfo.o
DRFLU -O3   -c ../libflu/RFLU_PrintUserInput.F90 -o RFLU_PrintUserInput.o
DRFLU -O3   -c ../libflu/RFLU_PrintWarnInfo.F90 -o RFLU_PrintWarnInfo.o
DRFLU -O3   -c ../libflu/RFLU_RandomInit.F90 -o RFLU_RandomInit.o
DRFLU -O3   -c ../libflu/RFLU_ReadRestartInfo.F90 -o RFLU_ReadRestartInfo.o
DRFLU -O3   -c ../libflu/RFLU_ReadTbcInputFile.F90 -o RFLU_ReadTbcInputFile.o
DRFLU -O3   -c ../libflu/RFLU_ReadTbcSection.F90 -o RFLU_ReadTbcSection.o
DRFLU -O3   -c ../libflu/RFLU_ScalarFirst.F90 -o RFLU_ScalarFirst.o
DRFLU -O3   -c ../libflu/RFLU_ScalarFirstPatch.F90 -o RFLU_ScalarFirstPatch.o
DRFLU -O3   -c ../libflu/RFLU_ScalarSecond.F90 -o RFLU_ScalarSecond.o
DRFLU -O3   -c ../libflu/RFLU_ScalarSecondPatch.F90 -o RFLU_ScalarSecondPatch.o
DRFLU -O3   -c ../libflu/RFLU_ScalarCheckPositivity.F90 -o RFLU_ScalarCheckPositivity.o
DRFLU -O3   -c ../libflu/RFLU_ScalarInitRhs.F90 -o RFLU_ScalarInitRhs.o
DRFLU -O3   -c ../libflu/RFLU_ScalarViscousFluxes.F90 -o RFLU_ScalarViscousFluxes.o
DRFLU -O3   -c ../libflu/RFLU_SetDependentVars.F90 -o RFLU_SetDependentVars.o
DRFLU -O3   -c ../libflu/RFLU_SetGasVars.F90 -o RFLU_SetGasVars.o
DRFLU -O3   -c ../libflu/RFLU_SetDerivedUserInput.F90 -o RFLU_SetDerivedUserInput.o
DRFLU -O3   -c ../libflu/RFLU_SetModuleType.F90 -o RFLU_SetModuleType.o
DRFLU -O3   -c ../libflu/RFLU_SetRestartTimeFlag.F90 -o RFLU_SetRestartTimeFlag.o
DRFLU -O3   -c ../libflu/RFLU_SetTransportVars.F90 -o RFLU_SetTransportVars.o
DRFLU -O3   -c ../libflu/RFLU_SetVarInfo.F90 -o RFLU_SetVarInfo.o
DRFLU -O3   -c ../libflu/RFLU_SetVarInfoWrapper.F90 -o RFLU_SetVarInfoWrapper.o
DRFLU -O3   -c ../libflu/RFLU_SetVars.F90 -o RFLU_SetVars.o
DRFLU -O3   -c ../libflu/RFLU_SetVarsContWrapper.F90 -o RFLU_SetVarsContWrapper.o
DRFLU -O3   -c ../libflu/RFLU_SetVarsDiscWrapper.F90 -o RFLU_SetVarsDiscWrapper.o
DRFLU -O3   -c ../libflu/RFLU_SetVarsWrapper.F90 -o RFLU_SetVarsWrapper.o
DRFLU -O3   -c ../libflu/RFLU_TestIsFirstRegion.F90 -o RFLU_TestIsFirstRegion.o
DRFLU -O3   -c ../libflu/RFLU_UserInput.F90 -o RFLU_UserInput.o
DRFLU -O3   -c ../libflu/RFLU_WriteRestartInfo.F90 -o RFLU_WriteRestartInfo.o
DRFLU -O3   -c ../libflu/RFLU_ZeroVirtualCellVars.F90 -o RFLU_ZeroVirtualCellVars.o
DRFLU -O3   -c ../rocflu/BuildVersionString.F90 -o BuildVersionString.o
DRFLU -O3   -c ../rocflu/RFLU_AllocateMemory.F90 -o RFLU_AllocateMemory.o
DRFLU -O3   -c ../rocflu/RFLU_AllocateMemoryWrapper.F90 -o RFLU_AllocateMemoryWrapper.o
DRFLU -O3   -c ../rocflu/RFLU_CentralFirstPatch.F90 -o RFLU_CentralFirstPatch.o
DRFLU -O3   -c ../rocflu/RFLU_CentralFirstPatch_GL.F90 -o RFLU_CentralFirstPatch_GL.o
DRFLU -O3   -c ../rocflu/RFLU_CentralSecondPatch.F90 -o RFLU_CentralSecondPatch.o
DRFLU -O3   -c ../rocflu/RFLU_CentralSecondPatch_GL.F90 -o RFLU_CentralSecondPatch_GL.o
DRFLU -O3   -c ../rocflu/RFLU_CheckGridSpeeds.F90 -o RFLU_CheckGridSpeeds.o
DRFLU -O3   -c ../rocflu/RFLU_ComputeEnerDissOLES.F90 -o RFLU_ComputeEnerDissOLES.o
DRFLU -O3   -c ../rocflu/RFLU_ComputeFluxInv.F90 -o RFLU_ComputeFluxInv.o
DRFLU -O3   -c ../rocflu/RFLU_ComputeGridSpeeds.F90 -o RFLU_ComputeGridSpeeds.o
DRFLU -O3   -c ../rocflu/RFLU_ComputeIntegral1OLES.F90 -o RFLU_ComputeIntegral1OLES.o
DRFLU -O3   -c ../rocflu/RFLU_ComputeIntegral2OLES.F90 -o RFLU_ComputeIntegral2OLES.o
DRFLU -O3   -c ../rocflu/RFLU_ComputeIntegral3OLES.F90 -o RFLU_ComputeIntegral3OLES.o
DRFLU -O3   -c ../rocflu/RFLU_ComputeIntegral4OLES.F90 -o RFLU_ComputeIntegral4OLES.o
DRFLU -O3   -c ../rocflu/RFLU_ComputeIntegral5OLES.F90 -o RFLU_ComputeIntegral5OLES.o
DRFLU -O3   -c ../rocflu/RFLU_ComputeIntegrals1245OLES.F90 -o RFLU_ComputeIntegrals1245OLES.o
DRFLU -O3   -c ../rocflu/RFLU_ComputeIntegralValues.F90 -o RFLU_ComputeIntegralValues.o
DRFLU -O3   -c ../rocflu/RFLU_ComputeWeightsOLES.F90 -o RFLU_ComputeWeightsOLES.o
DRFLU -O3   -c ../rocflu/RFLU_ConvFluxOLES.F90 -o RFLU_ConvFluxOLES.o
DRFLU -O3   -c ../rocflu/RFLU_DeallocateMemory.F90 -o RFLU_DeallocateMemory.o
DRFLU -O3   -c ../rocflu/RFLU_DeallocateMemoryWrapper.F90 -o RFLU_DeallocateMemoryWrapper.o
DRFLU -O3   -c ../rocflu/RFLU_EndFlowSolver.F90 -o RFLU_EndFlowSolver.o
DRFLU -O3   -c ../rocflu/RFLU_ExplicitMultiStage.F90 -o RFLU_ExplicitMultiStage.o
DRFLU -O3   -c ../rocflu/RFLU_FlowSolver.F90 -o RFLU_FlowSolver.o
DRFLU -O3   -c ../rocflu/RFLU_GetDeformationWrapper.F90 -o RFLU_GetDeformationWrapper.o
DRFLU -O3   -c ../rocflu/RFLU_InitFlowSolver.F90 -o RFLU_InitFlowSolver.o
DRFLU -O3   -c ../rocflu/RFLU_InvFlux_I.F90 -o RFLU_InvFlux_I.o
DRFLU -O3   -c ../rocflu/RFLU_MinimumTimeStep.F90 -o RFLU_MinimumTimeStep.o
DRFLU -O3   -c ../rocflu/RFLU_MinimumTimeStepImpulse.F90 -o RFLU_MinimumTimeStepImpulse.o
DRFLU -O3   -c ../rocflu/RFLU_MoveGridDisp.F90 -o RFLU_MoveGridDisp.o
DRFLU -O3   -c ../rocflu/RFLU_MoveGridWrapper.F90 -o RFLU_MoveGridWrapper.o
DRFLU -O3   -c ../rocflu/RFLU_MoveGridXyz.F90 -o RFLU_MoveGridXyz.o
DRFLU -O3   -c ../rocflu/RFLU_OpenConverFile.F90 -o RFLU_OpenConverFile.o
DRFLU -O3   -c ../rocflu/RFLU_OpenPMFile.F90 -o RFLU_OpenPMFile.o
DRFLU -O3   -c ../rocflu/RFLU_OpenIntegFile.F90 -o RFLU_OpenIntegFile.o
DRFLU -O3   -c ../rocflu/RFLU_OpenStatsFileOLES.F90 -o RFLU_OpenStatsFileOLES.o
DRFLU -O3   -c ../rocflu/RFLU_OpenTotalMassFile.F90 -o RFLU_OpenTotalMassFile.o
DRFLU -O3   -c ../rocflu/RFLU_PrintChangeInfo.F90 -o RFLU_PrintChangeInfo.o
DRFLU -O3   -c ../rocflu/RFLU_PrintHeader.F90 -o RFLU_PrintHeader.o
DRFLU -O3   -c ../rocflu/RFLU_PrintWriteConvergence.F90 -o RFLU_PrintWriteConvergence.o
DRFLU -O3   -c ../rocflu/RFLU_ReadIntegrals1245OLES.F90 -o RFLU_ReadIntegrals1245OLES.o
DRFLU -O3   -c ../rocflu/RFLU_ResidualNorm.F90 -o RFLU_ResidualNorm.o
DRFLU -O3   -c ../rocflu/RFLU_SetMoveGridOptions.F90 -o RFLU_SetMoveGridOptions.o
DRFLU -O3   -c ../rocflu/RFLU_TimeStepImpulse.F90 -o RFLU_TimeStepImpulse.o
DRFLU -O3   -c ../rocflu/RFLU_TimeStepInviscid.F90 -o RFLU_TimeStepInviscid.o
DRFLU -O3   -c ../rocflu/RFLU_TimeStepping.F90 -o RFLU_TimeStepping.o
DRFLU -O3   -c ../rocflu/RFLU_TimeStepViscous.F90 -o RFLU_TimeStepViscous.o
DRFLU -O3   -c ../rocflu/RFLU_USER_GetDeformation.F90 -o RFLU_USER_GetDeformation.o
DRFLU -O3   -c ../rocflu/RFLU_UpdateBoundaryValues.F90 -o RFLU_UpdateBoundaryValues.o
DRFLU -O3   -c ../rocflu/RFLU_WriteIntegrals1245OLES.F90 -o RFLU_WriteIntegrals1245OLES.o
DRFLU -O3   -c ../rocflu/RFLU_WritePM.F90 -o RFLU_WritePM.o
DRFLU -O3   -c ../rocflu/RFLU_WriteInteg.F90 -o RFLU_WriteInteg.o
DRFLU -O3   -c ../rocflu/RFLU_WriteStatsFileOLES.F90 -o RFLU_WriteStatsFileOLES.o
DRFLU -O3   -c ../rocflu/RFLU_WriteVersionString.F90 -o RFLU_WriteVersionString.o
mpic++  -I..//include  -DFORTRAN_LOWERCASE -DFORTRAN_UNDERSCORE -c ../libflu/clop.C -o clop.o
ar crsu libflu.a daxpy.o dbdsdc.o dbdsqr.o dcopy.o dcuhre.o ddot.o dgebak.o dgebal.o dgebd2.o dgebrd.o dgeev.o dgehd2.o dgehrd.o dgelq2.o dgelqf.o dgemm.o dgemv.o dgeqr2.o dgeqrf.o dger.o dgerq2.o dgerqf.o dgglse.o dggrqf.o dgesdd.o dhseqr.o dlabad.o dlabrd.o dlacpy.o dladiv.o dlaed6.o dlahqr.o dlahrd.o dlaln2.o dlamch.o dlamrg.o dlange.o dlanhs.o dlanst.o dlanv2.o dlapy2.o dlarfb.o dlarf.o dlarfg.o dlarft.o dlarfx.o dlartg.o dlas2.o dlascl.o dlasd0.o dlasd1.o dlasd2.o dlasd3.o dlasd4.o dlasd5.o dlasd6.o dlasd7.o dlasd8.o dlasda.o dlasdq.o dlasdt.o dlaset.o dlasq1.o dlasq2.o dlasq3.o dlasq4.o dlasq5.o dlasq6.o dlasr.o dlasrt.o dlassq.o dlasv2.o dnrm2.o dorghr.o dorg2r.o dorgbr.o dorgl2.o dorglq.o dorgqr.o dorm2r.o dormbr.o dorml2.o dormlq.o dormqr.o dormr2.o dormrq.o drot.o dscal.o dswap.o dtrevc.o dtrmm.o dtrmv.o dtrsv.o idamax.o ieeeck.o ilaenv.o lsame.o xerbla.o ModBndPatch.o ModBorder.o ModBuildFileNames.o ModColoring.o ModDataStruct.o ModDataTypes.o ModError.o ModGlobal.o ModGrid.o ModInteract.o ModInterfacesBcond.o ModInterfacesIO.o ModInterfacesMixt.o ModInterfacesUtil.o ModInterfaces.o ModMaterials.o ModMixture.o ModMPI.o ModParameters.o ModPartLag.o ModPlotting.o ModRandom.o ModSortSearch.o ModSpecies.o ModStencil.o ModTools.o RFLU_ModIRPrecision.o RFLU_ModLibBase64.o RFLU_ModLibVTKIO.o RFLU_ModABC.o RFLU_ModAllocateMemory.o RFLU_ModAxisymmetry.o RFLU_ModAUSMFlux.o RFLU_ModAUSMPlusUpFlux.o RFLU_ModBessel.o RFLU_ModBFaceGradAccessList.o RFLU_ModBilinearPatch.o RFLU_ModBoundaryTests.o RFLU_ModBoundLists.o RFLU_ModBoundXvUtils.o RFLU_ModBoundConvertCv.o RFLU_ModCellFaceEdgeInfo.o RFLU_ModCellMapping.o RFLU_ModColoring.o RFLU_ModCommLists.o RFLU_ModConstraintUtils.o RFLU_ModConvertCv.o RFLU_ModCopyData.o RFLU_ModDeallocateMemory.o RFLU_ModDifferentiationCells.o RFLU_ModDifferentiationFaces.o RFLU_ModDifferentiationBFaces.o RFLU_ModDimensionality.o RFLU_ModDimensions.o RFLU_ModEdgeList.o RFLU_ModEntropyFixes.o RFLU_ModExactFlow.o RFLU_ModExplicitMultiStage.o RFLU_ModFaceList.o RFLU_ModFlowHardCode.o RFLU_ModForcesMoments.o RFLU_ModGatherData.o RFLU_ModGeometry.o RFLU_ModGeometryTools.o RFLU_ModGFM.o RFLU_ModGlobalIds.o RFLU_ModGrid.o RFLU_ModGridSpeedUtils.o RFLU_ModGridUtils.o RFLU_ModHashTable.o RFLU_ModHLLCFlux.o RFLU_ModHouMahesh.o RFLU_ModHypre.o RFLU_ModInCellTest.o RFLU_ModInterfacesCommon.o RFLU_ModInterfacesLibrary.o RFLU_ModInterfacesSolver.o RFLU_ModInterfacesUtilities.o RFLU_ModInterpolation.o RFLU_ModJWL.o RFLU_ModLimiters.o RFLU_ModMovingFrame.o RFLU_ModMPI.o RFLU_ModNSCBC.o RFLU_ModOctree.o RFLU_ModOLES.o RFLU_ModPatchCoeffs.o RFLU_ModPatchUtils.o RFLU_ModPlottingVars.o RFLU_ModProbes.o RFLU_ModReadBcInputFile.o RFLU_ModReadWriteAuxVars.o RFLU_ModReadWriteBcDataFile.o RFLU_ModReadWriteFlow.o RFLU_ModReadWriteGrid.o RFLU_ModReadWriteGridSpeeds.o RFLU_ModRelatedPatches.o RFLU_ModRegionMapping.o RFLU_ModRenumberings.o RFLU_ModRenumberList.o RFLU_ModRepair3D.o RFLU_ModResidual.o RFLU_ModRindStates.o RFLU_ModRoeFlux.o RFLU_ModThrustSpecImpulse.o RFLU_ModSplitTree.o RFLU_ModStencilsBFaces.o RFLU_ModStencilsCells.o RFLU_ModStencilsFaces.o RFLU_ModStencilsVert.o RFLU_ModStencilsUtils.o RFLU_ModSymmetryPeriodic.o RFLU_ModTETMESH.o RFLU_ModTime.o RFLU_ModTimeZoom.o RFLU_ModTopologyUtils.o RFLU_ModVertexLists.o RFLU_ModViscousFlux.o RFLU_ModWeights.o RFLU_ModWENO.o AfterUpdateMP.o BcondFarfieldPerf.o BcondInflowPerf.o BcondInflowPerf_GL.o BcondInjectionPerf.o BcondOutflowPerf.o BcondOutflowPerf_GL.o BuildPatchIdentifier.o CellCentroid.o CellGradientsMP.o ControlVolume.o ConvectiveFluxes.o ConvectiveFluxesMP.o DescaleGridSpeeds.o DummyRungeKuttaMP.o FaceCentroid.o FaceVector.o IntegrateSourceTermsMP.o MakeNumberedKeys.o MixtGasLiq_C.o MixtGasLiq_E.o MixtGasLiq_P.o MixtLiq_C.o MixtLiq_D.o MixtPerf_C.o MixtPerf_Cv.o MixtPerf_D.o MixtPerf_E.o MixtPerf_G.o MixtPerf_H.o MixtPerf_M.o MixtPerf_P.o MixtPerf_R.o MixtPerf_T.o MixtPerf_Vm.o MixtureProperties.o PerfgasDependentVars.o PerfgasGasVars.o PerfgasTransportVars.o ReadABCSection.o ReadAccelerationSection.o ReadFlowSection.o ReadForcesSection.o ReadFormatsSection.o ReadGFMSection.o ReadGridMotionSection.o ReadInitFlowSection.o ReadInputFile.o ReadInputUtil.o ReadMiscSection.o ReadMixtureSection.o ReadMvFrameSection.o ReadMultigridSection.o ReadNumericsSection.o ReadPostSection.o ReadPrepSection.o ReadProbeSection.o ReadRandomSection.o ReadReferenceSection.o ReadRocketSection.o ReadThrustSection.o ReadTimestepSection.o ReadTimeZoomingSection.o ReadTransformSection.o ReadViscositySection.o ReflectPosition.o ReflectVector.o RkInitGeneric.o RkInitMP.o RkInitPointScalar.o RkInitSD.o RkUpdateGeneric.o RkUpdateMP.o RkUpdatePointScalar.o RungeKuttaMP.o ScaleGridSpeeds.o ScaleRotateVector.o SourceTerms.o SourceTermsMovingFrame.o SourceTermsMP.o SplitQuadFace.o UpdateDependentVarsMP.o UpdateTbc.o UpdateTbcPiecewise.o UpdateTbcSinusoidal.o UpdateTbcStochastic.o UpdateTbcWhitenoise.o ViscousFluxes.o ViscousFluxesMP.o WriteConvergence.o WriteProbe.o WriteTotalMass.o ZeroDummyCellsMP.o ZeroResidualsMP.o RFLU_AllocateMemoryTbc.o RFLU_BuildDataStruct.o RFLU_CheckDerivedUserInput.o RFLU_CheckPositivity.o RFLU_CheckPositivity_GL.o RFLU_CheckPositivityWrapper.o RFLU_CheckUserInput.o RFLU_CheckValidity.o RFLU_CheckValidity_GL.o RFLU_CheckValidityWrapper.o RFLU_ClosePostInfo.o RFLU_CloseRestartInfo.o RFLU_ComputeDCUHREInfo.o RFLU_ComputeGridSpacingCyldet.o RFLU_ComputeGridSpacingShktb.o RFLU_CreateGrid.o RFLU_CreateRegions.o RFLU_DecideNeedBGradFace.o RFLU_DecideNeedStencils.o RFLU_DecideNeedWeights.o RFLU_DecidePrint.o RFLU_DecideWrite.o RFLU_DecideSmallWrite.o RFLU_DerivedInputValues.o RFLU_DestroyGrid.o RFLU_EnforceBounds.o RFLU_EnforceBoundsWrapper.o RFLU_EquilibriumEulerian.o RFLU_FinishSD.o RFLU_GetCvLoc.o RFLU_GetUserInput.o RFLU_InitAuxVars.o RFLU_InitGlobal.o RFLU_InitInputValues.o RFLU_InvertMatrixSVD.o RFLU_OpenPostInfo.o RFLU_OpenRestartInfo.o RFLU_PrintFlowInfo.o RFLU_PrintFlowInfoWrapper.o RFLU_PrintGridInfo.o RFLU_PrintLocInfo.o RFLU_PrintUserInput.o RFLU_PrintWarnInfo.o RFLU_RandomInit.o RFLU_ReadRestartInfo.o RFLU_ReadTbcInputFile.o RFLU_ReadTbcSection.o RFLU_ScalarFirst.o RFLU_ScalarFirstPatch.o RFLU_ScalarSecond.o RFLU_ScalarSecondPatch.o RFLU_ScalarCheckPositivity.o RFLU_ScalarInitRhs.o RFLU_ScalarViscousFluxes.o RFLU_SetDependentVars.o RFLU_SetGasVars.o RFLU_SetDerivedUserInput.o RFLU_SetModuleType.o RFLU_SetRestartTimeFlag.o RFLU_SetTransportVars.o RFLU_SetVarInfo.o RFLU_SetVarInfoWrapper.o RFLU_SetVars.o RFLU_SetVarsContWrapper.o RFLU_SetVarsDiscWrapper.o RFLU_SetVarsWrapper.o RFLU_TestIsFirstRegion.o RFLU_UserInput.o RFLU_WriteRestartInfo.o RFLU_ZeroVirtualCellVars.o BuildVersionString.o RFLU_AllocateMemory.o RFLU_AllocateMemoryWrapper.o RFLU_CentralFirstPatch.o RFLU_CentralFirstPatch_GL.o RFLU_CentralSecondPatch.o RFLU_CentralSecondPatch_GL.o RFLU_CheckGridSpeeds.o RFLU_ComputeEnerDissOLES.o RFLU_ComputeFluxInv.o RFLU_ComputeGridSpeeds.o RFLU_ComputeIntegral1OLES.o RFLU_ComputeIntegral2OLES.o RFLU_ComputeIntegral3OLES.o RFLU_ComputeIntegral4OLES.o RFLU_ComputeIntegral5OLES.o RFLU_ComputeIntegrals1245OLES.o RFLU_ComputeIntegralValues.o RFLU_ComputeWeightsOLES.o RFLU_ConvFluxOLES.o RFLU_DeallocateMemory.o RFLU_DeallocateMemoryWrapper.o RFLU_EndFlowSolver.o RFLU_ExplicitMultiStage.o RFLU_FlowSolver.o RFLU_GetDeformationWrapper.o RFLU_InitFlowSolver.o RFLU_InvFlux_I.o RFLU_MinimumTimeStep.o RFLU_MinimumTimeStepImpulse.o RFLU_MoveGridDisp.o RFLU_MoveGridWrapper.o RFLU_MoveGridXyz.o RFLU_OpenConverFile.o RFLU_OpenPMFile.o RFLU_OpenIntegFile.o RFLU_OpenStatsFileOLES.o RFLU_OpenTotalMassFile.o RFLU_PrintChangeInfo.o RFLU_PrintHeader.o RFLU_PrintWriteConvergence.o RFLU_ReadIntegrals1245OLES.o RFLU_ResidualNorm.o RFLU_SetMoveGridOptions.o RFLU_TimeStepImpulse.o RFLU_TimeStepInviscid.o RFLU_TimeStepping.o RFLU_TimeStepViscous.o RFLU_USER_GetDeformation.o RFLU_UpdateBoundaryValues.o RFLU_WriteIntegrals1245OLES.o RFLU_WritePM.o RFLU_WriteInteg.o RFLU_WriteStatsFileOLES.o RFLU_WriteVersionString.o clop.o                        
