
tecio.a(TranslatedString.o):
00000000000002f0 T __ZN7tecplot7strutil16TranslatedString13dontTranslateEPKc
0000000000000000 T __ZN7tecplot7strutil16TranslatedString4initENS1_4ModeEPKcS4_
00000000000002c0 T __ZN7tecplot7strutil16TranslatedString4nullEv
0000000000000860 T __ZN7tecplot7strutil16TranslatedString5c_strEv
0000000000000f30 T __ZN7tecplot7strutil16TranslatedString9translateEPKcS3_
0000000000000570 T __ZN7tecplot7strutil16TranslatedStringC1ENS1_4ModeEPKcS4_
0000000000000f00 T __ZN7tecplot7strutil16TranslatedStringC1ERKS1_
00000000000002a0 T __ZN7tecplot7strutil16TranslatedStringC1Ev
0000000000000380 T __ZN7tecplot7strutil16TranslatedStringC2ENS1_4ModeEPKcS4_
0000000000000d00 T __ZN7tecplot7strutil16TranslatedStringC2ERKS1_
0000000000000190 T __ZN7tecplot7strutil16TranslatedStringC2Ev
0000000000000680 T __ZN7tecplot7strutil16TranslatedStringD0Ev
0000000000000660 T __ZN7tecplot7strutil16TranslatedStringD1Ev
00000000000005b0 T __ZN7tecplot7strutil16TranslatedStringD2Ev
0000000000000b70 T __ZN7tecplot7strutil16TranslatedStringaSERKS1_
0000000000000a60 T __ZN7tecplot7strutil16TranslatedStringcvNSt3__112basic_stringIcNS2_11char_traitsIcEENS2_9allocatorIcEEEEEv
00000000000007d0 T __ZNK7tecplot7strutil16TranslatedString18isNullOrZeroLengthEv
0000000000000770 T __ZNK7tecplot7strutil16TranslatedString6isNullEv
00000000000006d0 T __ZNK7tecplot7strutil16TranslatedString7isValidEv
0000000000001690 S __ZTIN7tecplot7strutil16TranslatedStringE
00000000000016a0 S __ZTSN7tecplot7strutil16TranslatedStringE
0000000000001640 S __ZTVN7tecplot7strutil16TranslatedStringE
0000000000000290 T ___clang_call_terminate

tecio.a(alloc.o):

tecio.a(arrlist.o):
00000000000058d0 S _ArrayListNullItem
00000000000031c0 T __Z13ArrayListCopyP12_ArrayList_sPFcPvS1_lEl
00000000000008c0 T __Z14ArrayListAlloci15ArrayListType_ePFiP12_ArrayList_siilEl
0000000000003b90 T __Z14ArrayListQSortP12_ArrayList_sPFi15ArrayListItem_uS1_lEl
0000000000002fa0 T __Z15ArrayListAppendP12_ArrayList_sS0_
0000000000002180 T __Z15ArrayListInsertP12_ArrayList_siS0_
0000000000000af0 T __Z15nonExceptionNewI12_ArrayList_sEPT_m
0000000000000530 T __Z15nonExceptionNewIcEPT_m
0000000000003e90 T __Z16ArrayListBSearchP12_ArrayList_s15ArrayListItem_uPFiS1_S1_lElPi
00000000000010d0 T __Z16ArrayListDeallocPP12_ArrayList_sPFcPvlEl
0000000000002970 T __Z16ArrayListGetItemP12_ArrayList_si
0000000000000160 T __Z16ArrayListGetTypeP12_ArrayList_s
0000000000000000 T __Z16ArrayListIsValidP12_ArrayList_s
0000000000002b90 T __Z16ArrayListSetItemP12_ArrayList_si15ArrayListItem_uPFcPvlEl
00000000000036f0 T __Z16ArrayListToArrayP12_ArrayList_sPFcPvS1_lEl
0000000000001de0 T __Z17ArrayListGetItemsP12_ArrayList_sii
0000000000003900 T __Z18ArrayListFromArrayPvi15ArrayListType_ePFcS_S_lEl
00000000000014b0 T __Z18nonExceptionDeleteI12_ArrayList_sEvRPT_
0000000000000880 T __Z18nonExceptionDeleteIcEvRPT_
0000000000002e40 T __Z19ArrayListAppendItemP12_ArrayList_s15ArrayListItem_u
0000000000001a40 T __Z19ArrayListDeleteItemP12_ArrayList_siPFcPvlEl
0000000000002500 T __Z19ArrayListInsertItemP12_ArrayList_si15ArrayListItem_u
0000000000001ff0 T __Z19ArrayListRemoveItemP12_ArrayList_si
0000000000002790 T __Z19ArrayListVisitItemsP12_ArrayList_siiPFcPvlEl
0000000000001770 T __Z20ArrayListDeleteItemsP12_ArrayList_siiPFcPvlEl
0000000000001bb0 T __Z20ArrayListRemoveItemsP12_ArrayList_sii
0000000000001500 T __Z22ArrayListGetCount_FUNCP12_ArrayList_s
00000000000015a0 T __Z23ArrayListDeleteAllItemsP12_ArrayList_sPFcPvlEl
0000000000000220 T __Z24ArrayListEnlargeCapacityP12_ArrayList_si
0000000000004180 T __Z28ArrayListGetInternalRef_FUNCP12_ArrayList_s
0000000000002a60 T __Z32ArrayListGetItemInternalRef_FUNCP12_ArrayList_si

tecio.a(auxdata.o):
0000000000000800 T __Z11AuxDataCopyP10_AuxData_sc
0000000000000630 T __Z12AuxDataAllocv
00000000000003b0 T __Z14AuxDataDeallocPP10_AuxData_s
0000000000001a90 T __Z14AuxDataSetItemP10_AuxData_sPKcl13AuxDataType_ec
00000000000006f0 T __Z15nonExceptionNewI10_AuxData_sEPT_m
00000000000025f0 T __Z15nonExceptionNewI13AuxDataItem_sEPT_m
0000000000000cf0 T __Z18AuxDataGetNumItemsP10_AuxData_s
0000000000000180 T __Z18AuxDataIsValidNamePKc
00000000000005e0 T __Z18nonExceptionDeleteI10_AuxData_sEvRPT_
0000000000002780 T __Z18nonExceptionDeleteI13AuxDataItem_sEvRPT_
0000000000002740 T __Z18nonExceptionDeleteIcEvRPT_
0000000000000d90 T __Z19AuxDataGetItemIndexP10_AuxData_sPKcPi
00000000000013c0 T __Z20AuxDataGetItemByNameP10_AuxData_sPKcPlP13AuxDataType_ePc
0000000000001030 T __Z21AuxDataGetItemByIndexP10_AuxData_siPPKcPlP13AuxDataType_ePc
00000000000002a0 T __Z21AuxDataItemDestructorPvl
0000000000000000 T __Z22AuxDataIsValidNameCharcc
00000000000023b0 T __Z23AuxDataDeleteItemByNameP10_AuxData_sPKc
00000000000022d0 T __Z24AuxDataDeleteItemByIndexP10_AuxData_si
0000000000001780 T __Z27AuxDataGetBooleanItemByNameP10_AuxData_sPKcPcP13AuxDataType_eS3_
0000000000000140 T __Z7isalphai
0000000000002560 T __Z7isasciii
0000000000000160 T __Z7isdigiti
00000000000024e0 T __Z8__istypeim
0000000000002580 T __Z9__isctypeim
0000000000002700 T __ZN7tecplot7strutil13dontTranslateEPKc
0000000000002730 T ___clang_call_terminate

tecio.a(dataio.o):
00000000000022d0 T __Z15nonExceptionNewIP13_StringList_sEPT_m
00000000000023e0 T __Z15nonExceptionNewIP6_Set_aEPT_m
00000000000024f0 T __Z15nonExceptionNewIiEPT_m
0000000000000000 T __Z18ReadDataFileHeaderP12FileStream_sscPiS1_PsPPcPP7_Text_sPP7_Geom_sPPP13_StringList_sSD_PP10_AuxData_sPPP6_Set_aS3_S3_PP12_ArrayList_sSD_SO_SK_PS1_P14DataFileType_e
0000000000002600 T __Z18nonExceptionDeleteIcEvRPT_
0000000000002740 T __Z33OpenBinaryFileAndCheckMagicNumberPP12FileStream_sPclPs
0000000000002640 T __Z8AddToSetP6_Set_alc
0000000000002700 T __ZN7tecplot7strutil9translateEPKcS2_
0000000000002730 T ___clang_call_terminate

tecio.a(dataio4.o):
0000000000006d30 T __Z10ReadInTextP12FileStream_sscP7_Text_si
000000000000ab90 T __Z12DumpGeometryP12FileStream_sPK7_Geom_scc
0000000000000710 T __Z12GetIoFileIntP12FileStream_ssiiPc
0000000000000000 T __Z12GetNextValueP12FileStream_s15FieldDataType_eddPc
0000000000000a10 T __Z12ReadInStringP12FileStream_ssiPPcc
00000000000014b0 T __Z13ReadByteBlockP12FileStream_scPhllPc
0000000000004ab0 T __Z13ReadInAuxDataP12FileStream_ssP10_AuxData_s
00000000000055e0 T __Z13ReadInUserRecP12FileStream_ssiPPc
0000000000001ae0 T __Z13ReadPureBlockP12FileStream_scPv15FieldDataType_ellPc
00000000000056c0 T __Z14ReadInGeometryP12FileStream_sscP7_Geom_si
0000000000001550 T __Z14ReadInt16BlockP12FileStream_scPsllPc
0000000000001970 T __Z14ReadInt32BlockP12FileStream_scPillPc
0000000000007910 T __Z15GetInputVersionP12FileStream_s
0000000000008d90 T __Z15WriteBinaryRealP12FileStream_sd15FieldDataType_e
0000000000001040 T __Z15nonExceptionNewIcEPT_m
00000000000034b0 T __Z16ReadInZoneHeaderP12FileStream_ssP11_ZoneSpec_sP6_Set_aiPcPi
0000000000007fa0 T __Z16WriteBinaryInt16P12FileStream_ss
0000000000008260 T __Z16WriteBinaryInt32P12FileStream_si
000000000000d2d0 T __Z16WriteBinaryMagicP12FileStream_s
000000000000e3d0 T __Z18CopyUnalignedBytesIdEvPT_PKh
000000000000e220 T __Z18CopyUnalignedBytesIfEvPT_PKh
000000000000dd10 T __Z18CopyUnalignedBytesIhEvPT_PKh
000000000000e070 T __Z18CopyUnalignedBytesIiEvPT_PKh
000000000000dec0 T __Z18CopyUnalignedBytesIsEvPT_PKh
000000000000a9a0 T __Z18DumpDatafileStringP12FileStream_sPKcc
00000000000050b0 T __Z18ReadInCustomLabelsP12FileStream_sscPP13_StringList_s
00000000000095f0 T __Z18WriteFieldDataTypeP12FileStream_s15FieldDataType_ec
0000000000001470 T __Z18nonExceptionDeleteIcEvRPT_
000000000000d090 T __Z20DumpCustomAxisLabelsP12FileStream_scP13_StringList_s
0000000000007e30 T __Z20WriteBinaryByteBlockP12FileStream_sPKhl
0000000000001680 T __Z21ReadInt16BlockToInt32P12FileStream_scPillPc
000000000000a030 T __Z21WriteCCFieldDataBlockP12FileStream_sP12_FieldData_aciiics
0000000000009340 T __Z24WriteBinaryDataUnalignedIdEcP12FileStream_sPKhc
0000000000009170 T __Z24WriteBinaryDataUnalignedIfEcP12FileStream_sPKhc
000000000000d7e0 T __Z24WriteBinaryDataUnalignedIhEcP12FileStream_sPKhc
0000000000008340 T __Z24WriteBinaryDataUnalignedIiEcP12FileStream_sPKhc
0000000000008090 T __Z24WriteBinaryDataUnalignedIsEcP12FileStream_sPKhc
000000000000d300 T __Z24writeBinaryVersionNumberR12FileStream_si
00000000000027d0 T __Z25ReadClassicOrderedCCBlockP12FileStream_sP12_FieldData_a15FieldDataType_eiiiPc
000000000000ea20 T __Z25WriteBinaryBlockUnalignedIdEcP12FileStream_sPKhlc
000000000000e620 T __Z25WriteBinaryBlockUnalignedIfEcP12FileStream_sPKhlc
000000000000d9b0 T __Z25WriteBinaryBlockUnalignedIhEcP12FileStream_sPKhlc
0000000000008b10 T __Z25WriteBinaryBlockUnalignedIiEcP12FileStream_sPKhlc
00000000000086d0 T __Z25WriteBinaryBlockUnalignedIsEcP12FileStream_sPKhlc
0000000000009770 T __Z25WriteBinaryFieldDataBlockP12FileStream_sP12_FieldData_aii
000000000000e2f0 T __Z28CopyAndReverseUnalignedBytesIdEvPT_PKh
000000000000e140 T __Z28CopyAndReverseUnalignedBytesIfEvPT_PKh
000000000000dc30 T __Z28CopyAndReverseUnalignedBytesIhEvPT_PKh
000000000000df90 T __Z28CopyAndReverseUnalignedBytesIiEvPT_PKh
000000000000dde0 T __Z28CopyAndReverseUnalignedBytesIsEvPT_PKh
000000000000e8a0 T __Z29WriteBinaryChecksumByteValuesIdEcP12FileStream_sPKhl
000000000000e4a0 T __Z29WriteBinaryChecksumByteValuesIfEcP12FileStream_sPKhl
000000000000d660 T __Z29WriteBinaryChecksumByteValuesIhEcP12FileStream_sPKhl
000000000000eca0 T __Z29WriteBinaryChecksumByteValuesIiEcP12FileStream_sPKhl
000000000000ee20 T __Z29WriteBinaryChecksumByteValuesIsEcP12FileStream_sPKhl
0000000000008510 T __Z30WriteBinaryInt16BlockUnalignedP12FileStream_sPhlc
0000000000008950 T __Z30WriteBinaryInt32BlockUnalignedP12FileStream_sPhlc
0000000000009a20 T __Z31WriteBinaryFieldDataBlockOfTypeIdEcP12FileStream_sP12_FieldData_aii
0000000000009900 T __Z31WriteBinaryFieldDataBlockOfTypeIfEcP12FileStream_sP12_FieldData_aii
0000000000009d90 T __Z31WriteBinaryFieldDataBlockOfTypeIhEcP12FileStream_sP12_FieldData_aii
0000000000009b40 T __Z31WriteBinaryFieldDataBlockOfTypeIiEcP12FileStream_sP12_FieldData_aii
0000000000009c60 T __Z31WriteBinaryFieldDataBlockOfTypeIsEcP12FileStream_sP12_FieldData_aii
0000000000002cd0 T __Z34ReadInDataFileTypeTitleAndVarNamesP12FileStream_ssPPcP14DataFileType_ePiPP13_StringList_s
000000000000d440 T __Z7isasciii
000000000000d460 T __Z7isdigiti
000000000000d3a0 T __Z7isspacei
00000000000049f0 T __Z8AddToSetP6_Set_alc
000000000000c440 T __Z8DumpTextP12FileStream_sPK7_Text_scc
0000000000000580 T __Z8GetNextIP12FileStream_sPc
000000000000d3c0 T __Z8__istypeim
0000000000002410 T __Z9ReadBlockP12FileStream_sP12_FieldData_ac15FieldDataType_ellPc
000000000000d480 T __Z9__isctypeim
00000000000011e0 T __ZN7tecplot7strutil9translateEPKcS2_
0000000000001210 T ___clang_call_terminate

tecio.a(dataset.o):
0000000000000500 T __Z13ZoneSpecAllocv
0000000000000210 T __Z15ZoneSpecDeallocPP11_ZoneSpec_s
0000000000000590 T __Z15nonExceptionNewI11_ZoneSpec_sEPT_m
0000000000000000 T __Z16CleanoutZoneSpecP11_ZoneSpec_s
0000000000000330 T __Z18nonExceptionDeleteI11_ZoneSpec_sEvRPT_
00000000000000a0 T __Z18nonExceptionDeleteIcEvRPT_
00000000000000e0 T __Z19SetZoneSpecDefaultsP11_ZoneSpec_s
0000000000000380 T __Z22ZoneSpecItemDestructorPvl
00000000000006a0 T __Z34ZoneOrVarListAdjustCapacityRequestP12_ArrayList_siil
0000000000000490 T __Z36ZoneSpecExcludeBndryConnsFromMetricsP11_ZoneSpec_s

tecio.a(dataset0.o):
00000000000041f0 T __Z14CopyFieldValueP12_FieldData_aiS0_i
00000000000000c0 T __Z14FieldDataAllocv
0000000000000000 T __Z14OutOfMemoryMsgv
00000000000001a0 T __Z15nonExceptionNewI12_FieldData_aEPT_m
00000000000036c0 T __Z15nonExceptionNewIcEPT_m
00000000000003b0 T __Z16FieldDataCleanupP12_FieldData_a
0000000000000410 T __Z16FieldDataDeallocPP12_FieldData_ac
0000000000003350 T __Z18FieldDataAllocDataP12_FieldData_ac
00000000000006e0 T __Z18nonExceptionDeleteI12_FieldData_aEvRPT_
0000000000000370 T __Z18nonExceptionDeleteIcEvRPT_
0000000000000730 T __Z19CopyTypedValueArray15FieldDataType_ePviS0_ii
0000000000003180 T __Z19FieldDataDefineDataP12_FieldData_ai15FieldDataType_e15ValueLocation_e
0000000000001d70 T __Z19GetFieldValueForBitP12_FieldData_ai
00000000000002b0 T __Z20FieldDataDeallocDataP12_FieldData_a
0000000000001bb0 T __Z20GetFieldValueForByteP12_FieldData_ai
0000000000003a60 T __Z21GetFieldDataType_FUNCP12_FieldData_a
00000000000013f0 T __Z21GetFieldValueForFloatP12_FieldData_ai
0000000000001a30 T __Z21GetFieldValueForInt16P12_FieldData_ai
0000000000001850 T __Z21GetFieldValueForInt32P12_FieldData_ai
0000000000001670 T __Z22GetFieldValueForDoubleP12_FieldData_ai
0000000000002cc0 T __Z23FieldDataGetBytesNeededi15FieldDataType_e
0000000000001cd0 T __Z24GetFieldDataBytePtr_FUNCP12_FieldData_a
0000000000004150 T __Z24GetFieldDataVoidPtr_FUNCP12_FieldData_a
0000000000003e90 T __Z25GetFieldData2BytePtr_FUNCP12_FieldData_a
0000000000003f70 T __Z25GetFieldData4BytePtr_FUNCP12_FieldData_a
0000000000004060 T __Z25GetFieldData8BytePtr_FUNCP12_FieldData_a
00000000000015d0 T __Z25GetFieldDataFloatPtr_FUNCP12_FieldData_a
0000000000001b10 T __Z25GetFieldDataInt16Ptr_FUNCP12_FieldData_a
0000000000001990 T __Z25GetFieldDataInt32Ptr_FUNCP12_FieldData_a
0000000000003df0 T __Z25GetFieldDataInt64Ptr_FUNCP12_FieldData_a
0000000000004540 T __Z25SetFieldDataPtrToAllZerosP12_FieldData_a
00000000000017b0 T __Z26GetFieldDataDoublePtr_FUNCP12_FieldData_a
0000000000001530 T __Z26GetFieldDataNumValues_FUNCP12_FieldData_a
0000000000000c00 T __Z26SwapBytesInTypedValueArray15FieldDataType_ePviii
0000000000003b20 T __Z28GetFieldDataGetFunction_FUNCP12_FieldData_a
0000000000003bc0 T __Z28GetFieldDataSetFunction_FUNCP12_FieldData_a
00000000000037b0 T __Z29AllocScratchNodalFieldDataPtri15FieldDataType_ec
0000000000001ee0 T __Z29DetermineFieldDataGetFunction15FieldDataType_ec
0000000000002080 T __Z29DetermineFieldDataSetFunction15FieldDataType_ec
0000000000003c60 T __Z30GetFieldDataValueLocation_FUNCP12_FieldData_a
0000000000003a40 T __Z31DeallocScratchNodalFieldDataPtrPP12_FieldData_a
0000000000002e90 T __Z31IsOffsetAlignedForFieldDataType15FieldDataType_el
0000000000002fe0 T __Z32GetAlignedOffsetForFieldDataType15FieldDataType_el
0000000000003d30 T __Z35IsFieldDataDirectAccessAllowed_FUNCP12_FieldData_a
0000000000000ff0 T __Z35SwapBytesInUnalignedTypedValueArray15FieldDataType_ePviii
0000000000000080 T __ZN7tecplot7strutil9translateEPKcS2_
00000000000000b0 T ___clang_call_terminate

tecio.a(datautil.o):
0000000000004e60 S _AboveZeroDoubleInputSpec
0000000000005090 S _AboveZeroElapsedTimeInputSpec
0000000000004f28 S _AboveZeroIndexRangeInputSpec
0000000000004e38 S _AboveZeroLgIndexInputSpec
0000000000004fa0 S _AboveZeroPercentageInputSpec
0000000000005018 S _AboveZeroRadiansInputSpec
0000000000005068 S _AboveZeroTimeDateDoubleInputSpec
0000000000004d48 S _AngleInputSpec
0000000000004d70 S _AngleToApproxInputSpec
0000000000005180 S _AnimationNumStepsInputSpec
0000000000005158 S _AnimationSpeedInputSpec
0000000000005e28 S _ArrowheadAngleInputSpec
0000000000005568 S _ArrowheadSizeInputSpec
0000000000005630 S _ArrowheadSpacingInputSpec
0000000000005b58 S _AxisBoxAspectRatioLimitInputSpec
0000000000005b80 S _AxisBoxAspectRatioResetInputSpec
0000000000005bd0 S _AxisBoxPaddingInputSpec
00000000000058b0 S _AxisEdgeNumberInputSpec
0000000000005590 S _AxisLabelOffsetInputSpec
0000000000005dd8 S _AxisLabelSkipInputSpec
0000000000004d20 S _AxisPercentageInputSpec
0000000000005478 S _AxisPercentageTextSizeInputSpec
0000000000005ba8 S _AxisRatioInputSpec
00000000000053b0 S _BitDumpDepthInputSpec
00000000000052c0 S _BorrowLicenseInputSpec
00000000000057e8 S _ColorIndexInputSpec
0000000000005748 S _ColorMapGroupInputSpec
0000000000005978 S _ColorMapOverrideLevelInputSpec
00000000000059a0 S _ColorMapOverrideNumberInputSpec
00000000000057c0 S _ContourGroupInputSpec
0000000000005860 S _CustomLabelNumberInputSpec
0000000000005b08 S _DataAspectRatioLimitInputSpec
0000000000005b30 S _DataAspectRatioResetInputSpec
0000000000004e88 S _DoubleInputSpec
0000000000004eb0 S _EntIndexInputSpec
0000000000004ed8 S _EntRangeInputSpec
0000000000005e78 S _ExponentInputSpec
0000000000004d98 S _FieldOfViewInputSpec
0000000000004ca8 S _FrameOffsetCoordInputSpec
00000000000054a0 S _FrameTextSizeInputSpec
0000000000004b40 S _GridCoordFloatInputSpec
0000000000004b18 S _GridCoordInputSpec
00000000000054c8 S _GridTextSizeInputSpec
0000000000005310 S _HardcopyNumCopiesInputSpec
00000000000052e8 S _HardcopyPaperSizeInputSpec
0000000000005360 S _HardcopyPenSpeedInputSpec
0000000000005338 S _HardcopyPrecisionInputSpec
00000000000056d0 S _ImageDimensionInputSpec
0000000000005f18 S _ImageQualityInputSpec
0000000000004f00 S _IndexRangeInputSpec
0000000000005798 S _IsoSurfaceGroupInputSpec
00000000000055b8 S _LegendLineSpacingInputSpec
0000000000005c20 S _LiftFractionInputSpec
00000000000058d8 S _LineMapWhichXAxisInputSpec
0000000000005900 S _LineMapWhichYAxisInputSpec
0000000000005428 S _LineThicknessInputSpec
0000000000005a90 S _MaxChrsTextLabelsInputSpec
0000000000005ab8 S _MaxContourLevelsInputSpec
00000000000051a8 S _MaxCustomColorsInInterfaceInputSpec
00000000000050e0 S _MaxDepthBufferSizeInputSpec
0000000000005ae0 S _MaxLinkGroupsInputSpec
0000000000005108 S _MaxMultiSamplesInputSpec
0000000000005220 S _MaxPrimativesPerBlockInputSpec
0000000000005a68 S _MaxPtsInALineInputSpec
00000000000051d0 S _MaxReducedPointsInputSpec
00000000000051f8 S _MaxStripLengthInputSpec
0000000000005248 S _MaxTextureSizeInputSpec
0000000000005130 S _MinBitsPerRGBPlaneInputSpec
0000000000005e50 S _MinCreaseAngleInputSpec
0000000000005810 S _NumLightSourceShadesInputSpec
0000000000005888 S _NumMinorTicksInputSpec
00000000000059c8 S _NumberOfColorMapCyclesInputSpec
0000000000005950 S _NumberOfContourLevelsInputSpec
0000000000005838 S _NumberOfControlPointsInputSpec
0000000000005928 S _NumberOfCurvePointsInputSpec
0000000000005a40 S _NumberOfEllipsePointsInputSpec
00000000000059f0 S _NumberOfRodPointsInputSpec
0000000000005a18 S _NumberOfStreamtracesInputSpec
0000000000005450 S _PatternLengthInputSpec
0000000000005388 S _PenPlotterPenNumberInputSpec
0000000000004f78 S _PercentageInputSpec
00000000000056a8 S _PickHandleWidthInputSpec
0000000000005ef0 S _PlotAttrColumnWidthInputSpec
00000000000054f0 S _PointTextSizeInputSpec
0000000000005cc0 S _PolynomialOrderInputSpec
0000000000005720 S _RGBLegendHeightInputSpec
0000000000004ff0 S _RadiansInputSpec
0000000000000430 T _ReadTec
0000000000005d10 S _RotationStepSizeInputSpec
0000000000005658 S _RulerPaddingInputSpec
0000000000005680 S _RulerThicknessInputSpec
0000000000005d88 S _ScaleStepSizeInputSpec
0000000000005bf8 S _ScreenDistanceRatioInputSpec
0000000000004fc8 S _SignedPercentageInputSpec
0000000000005770 S _SliceGroupInputSpec
0000000000005d38 S _SmoothRotationDegPerFrameUnitInputSpec
0000000000005ea0 S _SmoothWeightInputSpec
0000000000005db0 S _SortLevelInputSpec
0000000000005ce8 S _SplineSlopeInputSpec
0000000000005608 S _StreamMaxStepsInputSpec
00000000000055e0 S _StreamStepSizeInputSpec
0000000000005270 S _SuperSampleFactorInputSpec
00000000000050b8 S _SurfaceTranslucencyInputSpec
0000000000003a10 T _TecAlloc
0000000000003a30 T _TecFree
0000000000005e00 S _TextAngleInputSpec
0000000000005518 S _TextBoxMarginInputSpec
0000000000005540 S _TextLineSpacingInputSpec
0000000000005298 S _TickLengthInputSpec
0000000000005040 S _TimeDateDoubleInputSpec
0000000000005d60 S _TranslationStepSizeInputSpec
0000000000005ec8 S _TriangleKeepFactorInputSpec
0000000000005c98 S _ValuePrecisionInputSpec
0000000000005c70 S _VectorHeadSizeFractionInputSpec
0000000000004c08 S _XFrameCoordDeltaInputSpec
0000000000004c58 S _XFrameCoordFloatDeltaInputSpec
0000000000004bb8 S _XFrameCoordFloatInputSpec
0000000000004b68 S _XFrameCoordInputSpec
00000000000053d8 S _XFrameDimensionInputSpec
0000000000004cd0 S _XPaperCoordInputSpec
0000000000004c30 S _YFrameCoordDeltaInputSpec
0000000000004c80 S _YFrameCoordFloatDeltaInputSpec
0000000000004be0 S _YFrameCoordFloatInputSpec
0000000000004b90 S _YFrameCoordInputSpec
0000000000005400 S _YFrameDimensionInputSpec
0000000000004cf8 S _YPaperCoordInputSpec
0000000000005c48 S _ZClipInputSpec
0000000000004e10 S _ZeroAndAboveDoubleInputSpec
0000000000004dc0 S _ZeroAndAboveLgIndexInputSpec
0000000000004de8 S _ZeroAndAboveSmIntegerInputSpec
0000000000004f50 S _ZeroToOneInputSpec
00000000000056f8 S _ZoomScalePerFrameUnitInputSpec
0000000000000000 T __Z14InitInputSpecsv
00000000000001b0 T __Z14LocalReadBlockP12FileStream_sPd15FieldDataType_elPc
0000000000003200 T __Z15nonExceptionNewI10ZoneType_eEPT_m
0000000000003530 T __Z15nonExceptionNewI15FieldDataType_eEPT_m
0000000000003310 T __Z15nonExceptionNewIPdEPT_m
0000000000003420 T __Z15nonExceptionNewIPiEPT_m
0000000000003640 T __Z15nonExceptionNewIcEPT_m
0000000000003730 T __Z15nonExceptionNewIdEPT_m
00000000000030f0 T __Z15nonExceptionNewIiEPT_m
00000000000038d0 T __Z18nonExceptionDeleteI15FieldDataType_eEvRPT_
00000000000030a0 T __Z18nonExceptionDeleteIP6_Set_aEvRPT_
0000000000003970 T __Z18nonExceptionDeleteIPdEvRPT_
00000000000039c0 T __Z18nonExceptionDeleteIPiEvRPT_
0000000000003890 T __Z18nonExceptionDeleteIcEvRPT_
0000000000003920 T __Z18nonExceptionDeleteIdEvRPT_
0000000000003840 T __Z18nonExceptionDeleteIiEvRPT_
0000000000003060 T __ZN7tecplot7strutil9translateEPKcS2_
0000000000003090 T ___clang_call_terminate

tecio.a(filestream.o):
0000000000000000 T __Z15FileStreamAllocP7__sFILEc
00000000000000f0 T __Z15nonExceptionNewI12FileStream_sEPT_m
0000000000000200 T __Z17FileStreamDeallocPP12FileStream_s
0000000000000310 T __Z18nonExceptionDeleteI12FileStream_sEvRPT_

tecio.a(geom2.o):
0000000000000000 T __Z20GetGeomFieldDataTypePK7_Geom_s

tecio.a(q_msg.o):
0000000000000000 T __Z10WrapStringPKcPPc
0000000000000260 T __Z15nonExceptionNewIcEPT_m
00000000000006a0 T __Z18nonExceptionDeleteIcEvRPT_
0000000000000880 T __Z6ErrMsgN7tecplot7strutil16TranslatedStringEz
0000000000000380 T __Z7WarningN7tecplot7strutil16TranslatedStringEz
00000000000006e0 T __Z7vErrMsgN7tecplot7strutil16TranslatedStringEP13__va_list_tag
0000000000000870 T ___clang_call_terminate

tecio.a(q_unicode.o):
00000000000001e0 T __ZN7tecplot7strutil15IsValidUtf8ByteEh
00000000000002f0 T __ZN7tecplot7strutil17IsValidUtf8StringEPKc
0000000000000040 T __ZN7tecplot7strutil19IsValidUtf8LeadByteEh
0000000000000490 T __ZN7tecplot7strutil24IsNullOrZeroLengthStringENS0_16TranslatedStringE
00000000000003a0 T __ZN7tecplot7strutil24IsNullOrZeroLengthStringEPKc
0000000000000140 T __ZN7tecplot7strutil25IsValidUtf8ContinuingByteEh
0000000000000280 T __ZN7tecplot7strutil35ShouldConvertWideStringToUtf8StringEPKw
0000000000000020 T __ZNSt3__13mapINS_12basic_stringIcNS_11char_traitsIcEENS_9allocatorIcEEEEPcNS_4lessIS6_EENS4_INS_4pairIKS6_S7_EEEEED1Ev
00000000000004f0 T __ZNSt3__13mapINS_12basic_stringIcNS_11char_traitsIcEENS_9allocatorIcEEEEPcNS_4lessIS6_EENS4_INS_4pairIKS6_S7_EEEEED2Ev
0000000000000810 T __ZNSt3__14pairIKNS_12basic_stringIcNS_11char_traitsIcEENS_9allocatorIcEEEEPcED1Ev
0000000000000830 T __ZNSt3__14pairIKNS_12basic_stringIcNS_11char_traitsIcEENS_9allocatorIcEEEEPcED2Ev
0000000000000560 T __ZNSt3__16__treeINS_12__value_typeINS_12basic_stringIcNS_11char_traitsIcEENS_9allocatorIcEEEEPcEENS_19__map_value_compareIS7_S9_NS_4lessIS7_EELb1EEENS5_IS9_EEE7destroyEPNS_11__tree_nodeIS9_PvEE
00000000000009d0 T __ZNSt3__16__treeINS_12__value_typeINS_12basic_stringIcNS_11char_traitsIcEENS_9allocatorIcEEEEPcEENS_19__map_value_compareIS7_S9_NS_4lessIS7_EELb1EEENS5_IS9_EEEC1ERKSD_
0000000000000a10 T __ZNSt3__16__treeINS_12__value_typeINS_12basic_stringIcNS_11char_traitsIcEENS_9allocatorIcEEEEPcEENS_19__map_value_compareIS7_S9_NS_4lessIS7_EELb1EEENS5_IS9_EEEC2ERKSD_
0000000000000510 T __ZNSt3__16__treeINS_12__value_typeINS_12basic_stringIcNS_11char_traitsIcEENS_9allocatorIcEEEEPcEENS_19__map_value_compareIS7_S9_NS_4lessIS7_EELb1EEENS5_IS9_EEED1Ev
0000000000000530 T __ZNSt3__16__treeINS_12__value_typeINS_12basic_stringIcNS_11char_traitsIcEENS_9allocatorIcEEEEPcEENS_19__map_value_compareIS7_S9_NS_4lessIS7_EELb1EEENS5_IS9_EEED2Ev

tecio.a(set.o):
00000000000002d0 T __Z10DeallocSetPP6_Set_a
0000000000001470 T __Z11MemberCountP6_Set_a
00000000000017d0 T __Z12MemberOffsetP6_Set_al
0000000000001860 T __Z12OffsetMemberP6_Set_al
00000000000018d0 T __Z13CopySetMemberP6_Set_alS0_l
0000000000000920 T __Z13GetNextMemberP6_Set_al
0000000000000d70 T __Z13GetPrevMemberP6_Set_al
0000000000000bc0 T __Z13RemoveFromSetP6_Set_al
0000000000000c90 T __Z15DeleteSetMemberP6_Set_al
0000000000001190 T __Z15InsertSetMemberP6_Set_alc
00000000000000b0 T __Z15nonExceptionNewI6_Set_aEPT_m
00000000000001c0 T __Z15nonExceptionNewImEPT_m
0000000000000430 T __Z17SetItemDestructorPvl
00000000000003e0 T __Z18nonExceptionDeleteI6_Set_aEvRPT_
0000000000000390 T __Z18nonExceptionDeleteImEvRPT_
0000000000001730 T __Z5InSetP6_Set_al
0000000000000720 T __Z7CopySetP6_Set_aS0_c
00000000000012c0 T __Z7IsEmptyP6_Set_a
0000000000000b00 T __Z8AddToSetP6_Set_alc
0000000000000000 T __Z8AllocSetc
0000000000000340 T __Z8ClearSetP6_Set_a
0000000000001350 T __Z8HasVoidsP6_Set_a
00000000000016b0 T __Z8IsSubSetP6_Set_aS0_
0000000000000f70 T __Z8ShiftSetP6_Set_alll
0000000000000860 T __Z9AppendSetP6_Set_aS0_c
0000000000001530 T __Z9EqualSetsP6_Set_aS0_
0000000000000540 T __Z9ExpandSetP6_Set_alc

tecio.a(strlist.o):
0000000000000320 T _StringListCount
0000000000000680 T _StringListDealloc
0000000000000bf0 T _StringListGetString
0000000000001170 T __Z14StringListCopyP13_StringList_s
0000000000002aa0 T __Z14StringListSortP13_StringList_sPFiPKcS2_lEl
0000000000000790 T __Z15StringListAllocv
0000000000000130 T __Z15StringListClearP13_StringList_s
0000000000000000 T __Z15StringListValidP13_StringList_s
0000000000001860 T __Z15nonExceptionNewIcEPT_m
00000000000014e0 T __Z16StringListAppendP13_StringList_sS0_
0000000000001b40 T __Z17StringListToArrayP13_StringList_s
0000000000001b00 T __Z18nonExceptionDeleteIcEvRPT_
0000000000001c10 T __Z19StringListFromArrayPPKci
0000000000000990 T __Z19StringListSetStringP13_StringList_siPKc
0000000000002530 T __Z20StringListToCompoundP13_StringList_scPKc
0000000000001670 T __Z20StringListToNLStringP13_StringList_s
0000000000000820 T __Z22StringListAppendStringP13_StringList_sPKc
0000000000001d20 T __Z22StringListFromCompoundPKc
0000000000001950 T __Z22StringListFromNLStringPKc
0000000000000f10 T __Z22StringListInsertStringP13_StringList_siPKc
0000000000000560 T __Z22StringListRemoveStringP13_StringList_si
00000000000003d0 T __Z23StringListRemoveStringsP13_StringList_sii
0000000000000da0 T __Z27StringListGetStringRef_FUNCP13_StringList_si
0000000000000ed0 T __ZN7tecplot7strutil13dontTranslateEPKc
0000000000000f00 T ___clang_call_terminate

tecio.a(strutil.o):
0000000000002560 T __Z10TackOnCharPPcc
0000000000002210 T __Z11EndOfStringPc
0000000000000420 T __Z12FormatStringN7tecplot7strutil16TranslatedStringEz
0000000000000680 T __Z12FormatStringRNSt3__112basic_stringIcNS_11char_traitsIcEENS_9allocatorIcEEEEN7tecplot7strutil16TranslatedStringEz
0000000000001e20 T __Z12TackOnStringPPcPKccc
0000000000000a90 T __Z13CopySubStringPcPKcii
0000000000000030 T __Z13vFormatStringPKcP13__va_list_tag
0000000000000fb0 T __Z14StringTruncatePci
0000000000001210 T __Z15LineBreakStringPKcj
0000000000000ca0 T __Z15StringFlushLeftPc
00000000000009a0 T __Z15nonExceptionNewIcEPT_m
0000000000002240 T __Z17TackOnConstStringPPcPKcc
0000000000000960 T __Z18nonExceptionDeleteIcEvRPT_
0000000000001a80 T __Z19InternalResetStringPPcPKccS2_i
00000000000010e0 T __Z21StringTrimAndTruncatePci
0000000000000df0 T __Z22TrimLeadAndTrailSpacesPc
0000000000000000 T __Z25FormatStringBufferCleanupv
00000000000025e0 T __Z28ReplaceNewlineWithBackslashNPPc
0000000000002940 T __Z7isasciii
0000000000000dd0 T __Z7isspacei
00000000000019b0 T __Z7ustrcmpPKcS0_
00000000000028c0 T __Z8__istypeim
0000000000001650 T __Z8ustrncmpPKcS0_m
00000000000002b0 T __Z9DupStringN7tecplot7strutil16TranslatedStringE
00000000000003e0 T __ZN7tecplot7strutil13dontTranslateEPKc
0000000000001df0 T __ZN7tecplot7strutil9translateEPKcS2_
0000000000000410 T ___clang_call_terminate

tecio.a(tassert.o):

tecio.a(tecxxx.o):
0000000000000110 T __Z12ParseDupListPPiS_PKc
00000000000017d0 T __Z15nonExceptionNewIcEPT_m
0000000000000490 T __Z15nonExceptionNewIiEPT_m
0000000000007230 T __Z18nonExceptionDeleteIcEvRPT_
0000000000004d10 T __Z18nonExceptionDeleteIiEvRPT_
000000000000f150 T __Z7isalphai
000000000000f1f0 T __Z7isasciii
0000000000000470 T __Z7isdigiti
000000000000f170 T __Z8__istypeim
000000000000ef20 T __Z9__isctypeim
0000000000011d90 T __ZNKSt3__16vectorIcNS_9allocatorIcEEE8max_sizeEv
000000000000fe20 T __ZNKSt3__16vectorIdNS_9allocatorIdEEE8max_sizeEv
0000000000010f00 T __ZNKSt3__16vectorIiNS_9allocatorIiEEE8max_sizeEv
0000000000012be0 T __ZNKSt3__16vectorIlNS_9allocatorIlEEE8max_sizeEv
000000000000ec00 T __ZNSt3__113__vector_baseIcNS_9allocatorIcEEED2Ev
000000000000e580 T __ZNSt3__113__vector_baseIdNS_9allocatorIdEEED2Ev
000000000000e8c0 T __ZNSt3__113__vector_baseIiNS_9allocatorIiEEED2Ev
000000000000e1a0 T __ZNSt3__113__vector_baseIlNS_9allocatorIlEEED2Ev
0000000000011b60 T __ZNSt3__114__split_bufferIcRNS_9allocatorIcEEE18__construct_at_endEm
0000000000011b20 T __ZNSt3__114__split_bufferIcRNS_9allocatorIcEEEC1EmmS3_
0000000000011ed0 T __ZNSt3__114__split_bufferIcRNS_9allocatorIcEEEC2EmmS3_
0000000000011cc0 T __ZNSt3__114__split_bufferIcRNS_9allocatorIcEEED1Ev
0000000000012410 T __ZNSt3__114__split_bufferIcRNS_9allocatorIcEEED2Ev
000000000000fbf0 T __ZNSt3__114__split_bufferIdRNS_9allocatorIdEEE18__construct_at_endEm
000000000000fbb0 T __ZNSt3__114__split_bufferIdRNS_9allocatorIdEEEC1EmmS3_
00000000000100b0 T __ZNSt3__114__split_bufferIdRNS_9allocatorIdEEEC2EmmS3_
000000000000fd50 T __ZNSt3__114__split_bufferIdRNS_9allocatorIdEEED1Ev
0000000000010720 T __ZNSt3__114__split_bufferIdRNS_9allocatorIdEEED2Ev
0000000000010cd0 T __ZNSt3__114__split_bufferIiRNS_9allocatorIiEEE18__construct_at_endEm
0000000000010c90 T __ZNSt3__114__split_bufferIiRNS_9allocatorIiEEEC1EmmS3_
0000000000011040 T __ZNSt3__114__split_bufferIiRNS_9allocatorIiEEEC2EmmS3_
0000000000010e30 T __ZNSt3__114__split_bufferIiRNS_9allocatorIiEEED1Ev
00000000000115b0 T __ZNSt3__114__split_bufferIiRNS_9allocatorIiEEED2Ev
00000000000129b0 T __ZNSt3__114__split_bufferIlRNS_9allocatorIlEEE18__construct_at_endEm
0000000000012970 T __ZNSt3__114__split_bufferIlRNS_9allocatorIlEEEC1EmmS3_
0000000000012d20 T __ZNSt3__114__split_bufferIlRNS_9allocatorIlEEEC2EmmS3_
0000000000012b10 T __ZNSt3__114__split_bufferIlRNS_9allocatorIlEEED1Ev
0000000000013290 T __ZNSt3__114__split_bufferIlRNS_9allocatorIlEEED2Ev
00000000000119e0 T __ZNSt3__16vectorIcNS_9allocatorIcEEE18__construct_at_endEm
0000000000011be0 T __ZNSt3__16vectorIcNS_9allocatorIcEEE26__swap_out_circular_bufferERNS_14__split_bufferIcRS2_EE
0000000000001bb0 T __ZNSt3__16vectorIcNS_9allocatorIcEEE6resizeEm
0000000000011830 T __ZNSt3__16vectorIcNS_9allocatorIcEEE8__appendEm
00000000000000f0 T __ZNSt3__16vectorIcNS_9allocatorIcEEED1Ev
000000000000ebe0 T __ZNSt3__16vectorIcNS_9allocatorIcEEED2Ev
000000000000fa70 T __ZNSt3__16vectorIdNS_9allocatorIdEEE18__construct_at_endEm
000000000000fc70 T __ZNSt3__16vectorIdNS_9allocatorIdEEE26__swap_out_circular_bufferERNS_14__split_bufferIdRS2_EE
0000000000001a90 T __ZNSt3__16vectorIdNS_9allocatorIdEEE6resizeEm
000000000000f8c0 T __ZNSt3__16vectorIdNS_9allocatorIdEEE8__appendEm
0000000000000070 T __ZNSt3__16vectorIdNS_9allocatorIdEEED1Ev
000000000000e560 T __ZNSt3__16vectorIdNS_9allocatorIdEEED2Ev
0000000000010b50 T __ZNSt3__16vectorIiNS_9allocatorIiEEE18__construct_at_endEm
0000000000010d50 T __ZNSt3__16vectorIiNS_9allocatorIiEEE26__swap_out_circular_bufferERNS_14__split_bufferIiRS2_EE
0000000000001b20 T __ZNSt3__16vectorIiNS_9allocatorIiEEE6resizeEm
00000000000109a0 T __ZNSt3__16vectorIiNS_9allocatorIiEEE8__appendEm
00000000000000b0 T __ZNSt3__16vectorIiNS_9allocatorIiEEED1Ev
000000000000e8a0 T __ZNSt3__16vectorIiNS_9allocatorIiEEED2Ev
0000000000012830 T __ZNSt3__16vectorIlNS_9allocatorIlEEE18__construct_at_endEm
0000000000012a30 T __ZNSt3__16vectorIlNS_9allocatorIlEEE26__swap_out_circular_bufferERNS_14__split_bufferIlRS2_EE
00000000000040c0 T __ZNSt3__16vectorIlNS_9allocatorIlEEE6resizeEm
0000000000012680 T __ZNSt3__16vectorIlNS_9allocatorIlEEE8__appendEm
0000000000000020 T __ZNSt3__16vectorIlNS_9allocatorIlEEED1Ev
000000000000e180 T __ZNSt3__16vectorIlNS_9allocatorIlEEED2Ev
0000000000000040 T ___clang_call_terminate
000000000000c130 T _tecauxstr100
000000000000c1f0 T _tecauxstr100_
000000000000c100 T _tecauxstr110
000000000000c1c0 T _tecauxstr110_
000000000000c0d0 T _tecauxstr111
000000000000c190 T _tecauxstr111_
000000000000bd90 T _tecauxstr112
000000000000c160 T _tecauxstr112_
0000000000006230 T _tecdat
0000000000006200 T _tecdat100
00000000000062f0 T _tecdat100_
00000000000061d0 T _tecdat110
00000000000062c0 T _tecdat110_
00000000000061a0 T _tecdat111
0000000000006290 T _tecdat111_
00000000000055c0 T _tecdat112
0000000000006260 T _tecdat112_
0000000000006320 T _tecdat_
0000000000007420 T _tecend
0000000000007410 T _tecend100
0000000000007460 T _tecend100_
0000000000007400 T _tecend110
0000000000007450 T _tecend110_
00000000000073f0 T _tecend111
0000000000007440 T _tecend111_
0000000000006760 T _tecend112
0000000000007430 T _tecend112_
0000000000007470 T _tecend_
000000000000cf00 T _tecface100
000000000000cf80 T _tecface100_
000000000000cee0 T _tecface110
000000000000cf60 T _tecface110_
000000000000cec0 T _tecface111
000000000000cf40 T _tecface111_
000000000000c9d0 T _tecface112
000000000000cf20 T _tecface112_
000000000000bb80 T _tecfil
000000000000bb60 T _tecfil100
000000000000bc00 T _tecfil100_
000000000000bb40 T _tecfil110
000000000000bbe0 T _tecfil110_
000000000000bb20 T _tecfil111
000000000000bbc0 T _tecfil111_
000000000000b7f0 T _tecfil112
000000000000bba0 T _tecfil112_
000000000000bc20 T _tecfil_
000000000000bcf0 T _tecforeign100
000000000000bd70 T _tecforeign100_
000000000000bcd0 T _tecforeign110
000000000000bd50 T _tecforeign110_
000000000000bcb0 T _tecforeign111
000000000000bd30 T _tecforeign111_
000000000000bc40 T _tecforeign112
000000000000bd10 T _tecforeign112_
0000000000008ba0 T _tecgeo
0000000000008870 T _tecgeo100
0000000000009840 T _tecgeo100_
0000000000008540 T _tecgeo110
0000000000009510 T _tecgeo110_
0000000000008210 T _tecgeo111
00000000000091e0 T _tecgeo111_
0000000000007be0 T _tecgeo112
0000000000008eb0 T _tecgeo112_
0000000000009b70 T _tecgeo_
0000000000001d70 T _tecini
0000000000001d00 T _tecini100
0000000000001f00 T _tecini100_
0000000000001c90 T _tecini110
0000000000001ea0 T _tecini110_
0000000000001c30 T _tecini111
0000000000001e40 T _tecini111_
00000000000005a0 T _tecini112
0000000000001de0 T _tecini112_
0000000000001f60 T _tecini_
00000000000078a0 T _teclab
0000000000007880 T _teclab100
0000000000007920 T _teclab100_
0000000000007860 T _teclab110
0000000000007900 T _teclab110_
0000000000007840 T _teclab111
00000000000078e0 T _teclab111_
0000000000007480 T _teclab112
00000000000078c0 T _teclab112_
0000000000007940 T _teclab_
00000000000066a0 T _tecnod
0000000000006680 T _tecnod100
0000000000006720 T _tecnod100_
0000000000006660 T _tecnod110
0000000000006700 T _tecnod110_
0000000000006640 T _tecnod111
00000000000066e0 T _tecnod111_
0000000000006350 T _tecnod112
00000000000066c0 T _tecnod112_
0000000000006740 T _tecnod_
000000000000df70 T _tecpoly111
000000000000e120 T _tecpoly111_
000000000000cfa0 T _tecpoly112
000000000000e0c0 T _tecpoly112_
000000000000a960 T _tectxt
000000000000a6e0 T _tectxt100
000000000000b340 T _tectxt100_
000000000000a460 T _tectxt110
000000000000b0c0 T _tectxt110_
000000000000a1e0 T _tectxt111
000000000000ae40 T _tectxt111_
0000000000009e70 T _tectxt112
000000000000abc0 T _tectxt112_
000000000000b5c0 T _tectxt_
0000000000007b20 T _tecusr
0000000000007b00 T _tecusr100
0000000000007ba0 T _tecusr100_
0000000000007ae0 T _tecusr110
0000000000007b80 T _tecusr110_
0000000000007ac0 T _tecusr111
0000000000007b60 T _tecusr111_
0000000000007960 T _tecusr112
0000000000007b40 T _tecusr112_
0000000000007bc0 T _tecusr_
000000000000c8e0 T _tecvauxstr100
000000000000c9a0 T _tecvauxstr100_
000000000000c8b0 T _tecvauxstr110
000000000000c970 T _tecvauxstr110_
000000000000c880 T _tecvauxstr111
000000000000c940 T _tecvauxstr111_
000000000000c630 T _tecvauxstr112
000000000000c910 T _tecvauxstr112_
000000000000c540 T _teczauxstr100
000000000000c600 T _teczauxstr100_
000000000000c510 T _teczauxstr110
000000000000c5d0 T _teczauxstr110_
000000000000c4e0 T _teczauxstr111
000000000000c5a0 T _teczauxstr111_
000000000000c220 T _teczauxstr112
000000000000c570 T _teczauxstr112_
0000000000004940 T _teczne
0000000000004760 T _teczne100
0000000000005420 T _teczne100_
0000000000004540 T _teczne110
0000000000005200 T _teczne110_
00000000000042f0 T _teczne111
0000000000004fb0 T _teczne111_
0000000000001fc0 T _teczne112
0000000000004d60 T _teczne112_
0000000000005570 T _teczne_
